{"/Users/kylewong/turing/4module/Crate-group/code/web/src/modules/admin/Dashboard.js": {"path":"/Users/kylewong/turing/4module/Crate-group/code/web/src/modules/admin/Dashboard.js","statementMap":{"0":{"start":{"line":15,"column":18},"end":{"line":32,"column":1}},"1":{"start":{"line":16,"column":2},"end":{"line":31,"column":8}},"2":{"start":{"line":35,"column":0},"end":{"line":37,"column":1}},"3":{"start":{"line":41,"column":2},"end":{"line":43,"column":3}}},"fnMap":{"0":{"name":"(anonymous_0)","decl":{"start":{"line":15,"column":18},"end":{"line":15,"column":19}},"loc":{"start":{"line":16,"column":2},"end":{"line":31,"column":8}},"line":16},"1":{"name":"dashboardState","decl":{"start":{"line":40,"column":9},"end":{"line":40,"column":23}},"loc":{"start":{"line":40,"column":31},"end":{"line":44,"column":1}},"line":40}},"branchMap":{},"s":{"0":1,"1":0,"2":1,"3":0},"f":{"0":0,"1":0},"b":{},"_coverageSchema":"1a1c01bbd47fc00a2c39e90264f33305004495a9","hash":"3c5219c5bb7c77f015b18bcad40f62342b14c3f8"}
,"/Users/kylewong/turing/4module/Crate-group/code/web/src/modules/admin/common/Menu.js": {"path":"/Users/kylewong/turing/4module/Crate-group/code/web/src/modules/admin/common/Menu.js","statementMap":{"0":{"start":{"line":14,"column":18},"end":{"line":28,"column":1}},"1":{"start":{"line":15,"column":2},"end":{"line":27,"column":9}}},"fnMap":{"0":{"name":"(anonymous_0)","decl":{"start":{"line":14,"column":18},"end":{"line":14,"column":19}},"loc":{"start":{"line":15,"column":2},"end":{"line":27,"column":9}},"line":15}},"branchMap":{},"s":{"0":1,"1":0},"f":{"0":0},"b":{},"_coverageSchema":"1a1c01bbd47fc00a2c39e90264f33305004495a9","hash":"47ac4fe31f55942d1c826f417fee30f4e6c9c28d"}
,"/Users/kylewong/turing/4module/Crate-group/code/web/src/modules/admin/crate/CreateOrEdit.js": {"path":"/Users/kylewong/turing/4module/Crate-group/code/web/src/modules/admin/crate/CreateOrEdit.js","statementMap":{"0":{"start":{"line":31,"column":4},"end":{"line":31,"column":16}},"1":{"start":{"line":33,"column":4},"end":{"line":42,"column":5}},"2":{"start":{"line":47,"column":4},"end":{"line":47,"column":55}},"3":{"start":{"line":50,"column":13},"end":{"line":66,"column":3}},"4":{"start":{"line":51,"column":4},"end":{"line":65,"column":5}},"5":{"start":{"line":52,"column":6},"end":{"line":64,"column":10}},"6":{"start":{"line":54,"column":10},"end":{"line":60,"column":11}},"7":{"start":{"line":55,"column":12},"end":{"line":55,"column":67}},"8":{"start":{"line":57,"column":12},"end":{"line":59,"column":14}},"9":{"start":{"line":63,"column":10},"end":{"line":63,"column":96}},"10":{"start":{"line":68,"column":13},"end":{"line":75,"column":3}},"11":{"start":{"line":69,"column":16},"end":{"line":69,"column":32}},"12":{"start":{"line":70,"column":4},"end":{"line":70,"column":49}},"13":{"start":{"line":72,"column":4},"end":{"line":74,"column":6}},"14":{"start":{"line":77,"column":13},"end":{"line":113,"column":3}},"15":{"start":{"line":78,"column":4},"end":{"line":78,"column":26}},"16":{"start":{"line":80,"column":4},"end":{"line":82,"column":6}},"17":{"start":{"line":84,"column":4},"end":{"line":84,"column":58}},"18":{"start":{"line":87,"column":4},"end":{"line":112,"column":8}},"19":{"start":{"line":89,"column":8},"end":{"line":91,"column":10}},"20":{"start":{"line":93,"column":8},"end":{"line":99,"column":9}},"21":{"start":{"line":94,"column":10},"end":{"line":94,"column":65}},"22":{"start":{"line":96,"column":10},"end":{"line":96,"column":61}},"23":{"start":{"line":98,"column":10},"end":{"line":98,"column":55}},"24":{"start":{"line":102,"column":8},"end":{"line":102,"column":73}},"25":{"start":{"line":104,"column":8},"end":{"line":106,"column":10}},"26":{"start":{"line":109,"column":8},"end":{"line":111,"column":16}},"27":{"start":{"line":110,"column":10},"end":{"line":110,"column":34}},"28":{"start":{"line":116,"column":4},"end":{"line":182,"column":5}},"29":{"start":{"line":187,"column":0},"end":{"line":192,"column":1}}},"fnMap":{"0":{"name":"(anonymous_0)","decl":{"start":{"line":30,"column":2},"end":{"line":30,"column":3}},"loc":{"start":{"line":30,"column":21},"end":{"line":43,"column":3}},"line":30},"1":{"name":"(anonymous_1)","decl":{"start":{"line":45,"column":2},"end":{"line":45,"column":3}},"loc":{"start":{"line":45,"column":22},"end":{"line":48,"column":3}},"line":45},"2":{"name":"(anonymous_2)","decl":{"start":{"line":50,"column":13},"end":{"line":50,"column":14}},"loc":{"start":{"line":50,"column":26},"end":{"line":66,"column":3}},"line":50},"3":{"name":"(anonymous_3)","decl":{"start":{"line":53,"column":14},"end":{"line":53,"column":15}},"loc":{"start":{"line":53,"column":26},"end":{"line":61,"column":9}},"line":53},"4":{"name":"(anonymous_4)","decl":{"start":{"line":62,"column":15},"end":{"line":62,"column":16}},"loc":{"start":{"line":62,"column":24},"end":{"line":64,"column":9}},"line":62},"5":{"name":"(anonymous_5)","decl":{"start":{"line":68,"column":13},"end":{"line":68,"column":14}},"loc":{"start":{"line":68,"column":24},"end":{"line":75,"column":3}},"line":68},"6":{"name":"(anonymous_6)","decl":{"start":{"line":77,"column":13},"end":{"line":77,"column":14}},"loc":{"start":{"line":77,"column":24},"end":{"line":113,"column":3}},"line":77},"7":{"name":"(anonymous_7)","decl":{"start":{"line":88,"column":12},"end":{"line":88,"column":13}},"loc":{"start":{"line":88,"column":24},"end":{"line":100,"column":7}},"line":88},"8":{"name":"(anonymous_8)","decl":{"start":{"line":101,"column":13},"end":{"line":101,"column":14}},"loc":{"start":{"line":101,"column":22},"end":{"line":107,"column":7}},"line":101},"9":{"name":"(anonymous_9)","decl":{"start":{"line":108,"column":12},"end":{"line":108,"column":13}},"loc":{"start":{"line":108,"column":18},"end":{"line":112,"column":7}},"line":108},"10":{"name":"(anonymous_10)","decl":{"start":{"line":109,"column":26},"end":{"line":109,"column":27}},"loc":{"start":{"line":109,"column":32},"end":{"line":111,"column":9}},"line":109},"11":{"name":"(anonymous_11)","decl":{"start":{"line":115,"column":2},"end":{"line":115,"column":3}},"loc":{"start":{"line":115,"column":11},"end":{"line":183,"column":3}},"line":115}},"branchMap":{"0":{"loc":{"start":{"line":51,"column":4},"end":{"line":65,"column":5}},"type":"if","locations":[{"start":{"line":51,"column":4},"end":{"line":65,"column":5}},{"start":{"line":51,"column":4},"end":{"line":65,"column":5}}],"line":51},"1":{"loc":{"start":{"line":54,"column":10},"end":{"line":60,"column":11}},"type":"if","locations":[{"start":{"line":54,"column":10},"end":{"line":60,"column":11}},{"start":{"line":54,"column":10},"end":{"line":60,"column":11}}],"line":54},"2":{"loc":{"start":{"line":54,"column":14},"end":{"line":54,"column":69}},"type":"binary-expr","locations":[{"start":{"line":54,"column":14},"end":{"line":54,"column":34}},{"start":{"line":54,"column":38},"end":{"line":54,"column":69}}],"line":54},"3":{"loc":{"start":{"line":93,"column":8},"end":{"line":99,"column":9}},"type":"if","locations":[{"start":{"line":93,"column":8},"end":{"line":99,"column":9}},{"start":{"line":93,"column":8},"end":{"line":99,"column":9}}],"line":93},"4":{"loc":{"start":{"line":93,"column":12},"end":{"line":93,"column":67}},"type":"binary-expr","locations":[{"start":{"line":93,"column":12},"end":{"line":93,"column":32}},{"start":{"line":93,"column":36},"end":{"line":93,"column":67}}],"line":93},"5":{"loc":{"start":{"line":141,"column":17},"end":{"line":141,"column":77}},"type":"cond-expr","locations":[{"start":{"line":141,"column":60},"end":{"line":141,"column":68}},{"start":{"line":141,"column":71},"end":{"line":141,"column":77}}],"line":141}},"s":{"0":0,"1":0,"2":0,"3":0,"4":0,"5":0,"6":0,"7":0,"8":0,"9":0,"10":0,"11":0,"12":0,"13":0,"14":0,"15":0,"16":0,"17":0,"18":0,"19":0,"20":0,"21":0,"22":0,"23":0,"24":0,"25":0,"26":0,"27":0,"28":0,"29":1},"f":{"0":0,"1":0,"2":0,"3":0,"4":0,"5":0,"6":0,"7":0,"8":0,"9":0,"10":0,"11":0},"b":{"0":[0,0],"1":[0,0],"2":[0,0],"3":[0,0],"4":[0,0],"5":[0,0]},"_coverageSchema":"1a1c01bbd47fc00a2c39e90264f33305004495a9","hash":"578b08ce6e162bb43ff0a0b506abc38c2253ea96"}
,"/Users/kylewong/turing/4module/Crate-group/code/web/src/modules/admin/crate/List.js": {"path":"/Users/kylewong/turing/4module/Crate-group/code/web/src/modules/admin/crate/List.js","statementMap":{"0":{"start":{"line":27,"column":4},"end":{"line":27,"column":47}},"1":{"start":{"line":32,"column":4},"end":{"line":32,"column":35}},"2":{"start":{"line":35,"column":11},"end":{"line":71,"column":3}},"3":{"start":{"line":36,"column":4},"end":{"line":70,"column":5}},"4":{"start":{"line":37,"column":18},"end":{"line":37,"column":72}},"5":{"start":{"line":39,"column":6},"end":{"line":69,"column":7}},"6":{"start":{"line":40,"column":8},"end":{"line":40,"column":58}},"7":{"start":{"line":42,"column":8},"end":{"line":68,"column":12}},"8":{"start":{"line":44,"column":12},"end":{"line":54,"column":13}},"9":{"start":{"line":45,"column":14},"end":{"line":51,"column":15}},"10":{"start":{"line":46,"column":16},"end":{"line":46,"column":71}},"11":{"start":{"line":48,"column":16},"end":{"line":48,"column":69}},"12":{"start":{"line":50,"column":16},"end":{"line":50,"column":46}},"13":{"start":{"line":53,"column":14},"end":{"line":53,"column":57}},"14":{"start":{"line":57,"column":12},"end":{"line":57,"column":77}},"15":{"start":{"line":61,"column":12},"end":{"line":63,"column":14}},"16":{"start":{"line":65,"column":12},"end":{"line":67,"column":20}},"17":{"start":{"line":66,"column":14},"end":{"line":66,"column":38}},"18":{"start":{"line":74,"column":32},"end":{"line":74,"column":49}},"19":{"start":{"line":76,"column":4},"end":{"line":163,"column":5}},"20":{"start":{"line":123,"column":26},"end":{"line":149,"column":31}},"21":{"start":{"line":168,"column":0},"end":{"line":174,"column":1}},"22":{"start":{"line":178,"column":2},"end":{"line":180,"column":3}}},"fnMap":{"0":{"name":"(anonymous_0)","decl":{"start":{"line":26,"column":2},"end":{"line":26,"column":3}},"loc":{"start":{"line":26,"column":30},"end":{"line":28,"column":3}},"line":26},"1":{"name":"(anonymous_1)","decl":{"start":{"line":31,"column":2},"end":{"line":31,"column":3}},"loc":{"start":{"line":31,"column":22},"end":{"line":33,"column":3}},"line":31},"2":{"name":"(anonymous_2)","decl":{"start":{"line":35,"column":11},"end":{"line":35,"column":12}},"loc":{"start":{"line":35,"column":19},"end":{"line":71,"column":3}},"line":35},"3":{"name":"(anonymous_3)","decl":{"start":{"line":43,"column":16},"end":{"line":43,"column":17}},"loc":{"start":{"line":43,"column":28},"end":{"line":55,"column":11}},"line":43},"4":{"name":"(anonymous_4)","decl":{"start":{"line":56,"column":17},"end":{"line":56,"column":18}},"loc":{"start":{"line":56,"column":26},"end":{"line":59,"column":11}},"line":56},"5":{"name":"(anonymous_5)","decl":{"start":{"line":60,"column":16},"end":{"line":60,"column":17}},"loc":{"start":{"line":60,"column":22},"end":{"line":68,"column":11}},"line":60},"6":{"name":"(anonymous_6)","decl":{"start":{"line":65,"column":30},"end":{"line":65,"column":31}},"loc":{"start":{"line":65,"column":36},"end":{"line":67,"column":13}},"line":65},"7":{"name":"(anonymous_7)","decl":{"start":{"line":73,"column":2},"end":{"line":73,"column":3}},"loc":{"start":{"line":73,"column":11},"end":{"line":164,"column":3}},"line":73},"8":{"name":"(anonymous_8)","decl":{"start":{"line":122,"column":33},"end":{"line":122,"column":34}},"loc":{"start":{"line":123,"column":26},"end":{"line":149,"column":31}},"line":123},"9":{"name":"listState","decl":{"start":{"line":177,"column":9},"end":{"line":177,"column":18}},"loc":{"start":{"line":177,"column":26},"end":{"line":181,"column":1}},"line":177}},"branchMap":{"0":{"loc":{"start":{"line":36,"column":4},"end":{"line":70,"column":5}},"type":"if","locations":[{"start":{"line":36,"column":4},"end":{"line":70,"column":5}},{"start":{"line":36,"column":4},"end":{"line":70,"column":5}}],"line":36},"1":{"loc":{"start":{"line":39,"column":6},"end":{"line":69,"column":7}},"type":"if","locations":[{"start":{"line":39,"column":6},"end":{"line":69,"column":7}},{"start":{"line":39,"column":6},"end":{"line":69,"column":7}}],"line":39},"2":{"loc":{"start":{"line":44,"column":12},"end":{"line":54,"column":13}},"type":"if","locations":[{"start":{"line":44,"column":12},"end":{"line":54,"column":13}},{"start":{"line":44,"column":12},"end":{"line":54,"column":13}}],"line":44},"3":{"loc":{"start":{"line":45,"column":14},"end":{"line":51,"column":15}},"type":"if","locations":[{"start":{"line":45,"column":14},"end":{"line":51,"column":15}},{"start":{"line":45,"column":14},"end":{"line":51,"column":15}}],"line":45},"4":{"loc":{"start":{"line":45,"column":18},"end":{"line":45,"column":73}},"type":"binary-expr","locations":[{"start":{"line":45,"column":18},"end":{"line":45,"column":38}},{"start":{"line":45,"column":42},"end":{"line":45,"column":73}}],"line":45},"5":{"loc":{"start":{"line":115,"column":18},"end":{"line":155,"column":29}},"type":"cond-expr","locations":[{"start":{"line":116,"column":22},"end":{"line":120,"column":27}},{"start":{"line":121,"column":22},"end":{"line":155,"column":29}}],"line":115},"6":{"loc":{"start":{"line":121,"column":22},"end":{"line":155,"column":29}},"type":"cond-expr","locations":[{"start":{"line":122,"column":24},"end":{"line":150,"column":26}},{"start":{"line":151,"column":24},"end":{"line":155,"column":29}}],"line":121}},"s":{"0":0,"1":0,"2":0,"3":0,"4":0,"5":0,"6":0,"7":0,"8":0,"9":0,"10":0,"11":0,"12":0,"13":0,"14":0,"15":0,"16":0,"17":0,"18":0,"19":0,"20":0,"21":1,"22":0},"f":{"0":0,"1":0,"2":0,"3":0,"4":0,"5":0,"6":0,"7":0,"8":0,"9":0},"b":{"0":[0,0],"1":[0,0],"2":[0,0],"3":[0,0],"4":[0,0],"5":[0,0],"6":[0,0]},"_coverageSchema":"1a1c01bbd47fc00a2c39e90264f33305004495a9","hash":"be2c0623aa943cc4017cef3db5eb2d78d6f8f3ad"}
,"/Users/kylewong/turing/4module/Crate-group/code/web/src/modules/admin/product/CreateOrEdit.js": {"path":"/Users/kylewong/turing/4module/Crate-group/code/web/src/modules/admin/product/CreateOrEdit.js","statementMap":{"0":{"start":{"line":34,"column":4},"end":{"line":34,"column":16}},"1":{"start":{"line":36,"column":4},"end":{"line":49,"column":5}},"2":{"start":{"line":54,"column":4},"end":{"line":70,"column":8}},"3":{"start":{"line":56,"column":8},"end":{"line":66,"column":9}},"4":{"start":{"line":57,"column":10},"end":{"line":57,"column":65}},"5":{"start":{"line":59,"column":24},"end":{"line":59,"column":42}},"6":{"start":{"line":60,"column":10},"end":{"line":60,"column":64}},"7":{"start":{"line":62,"column":10},"end":{"line":65,"column":12}},"8":{"start":{"line":69,"column":8},"end":{"line":69,"column":96}},"9":{"start":{"line":73,"column":4},"end":{"line":89,"column":8}},"10":{"start":{"line":75,"column":8},"end":{"line":85,"column":9}},"11":{"start":{"line":76,"column":10},"end":{"line":76,"column":65}},"12":{"start":{"line":78,"column":24},"end":{"line":78,"column":42}},"13":{"start":{"line":79,"column":10},"end":{"line":79,"column":63}},"14":{"start":{"line":81,"column":10},"end":{"line":84,"column":12}},"15":{"start":{"line":88,"column":8},"end":{"line":88,"column":96}},"16":{"start":{"line":92,"column":4},"end":{"line":92,"column":57}},"17":{"start":{"line":95,"column":15},"end":{"line":111,"column":3}},"18":{"start":{"line":96,"column":4},"end":{"line":110,"column":5}},"19":{"start":{"line":97,"column":6},"end":{"line":109,"column":10}},"20":{"start":{"line":99,"column":10},"end":{"line":105,"column":11}},"21":{"start":{"line":100,"column":12},"end":{"line":100,"column":67}},"22":{"start":{"line":102,"column":12},"end":{"line":104,"column":14}},"23":{"start":{"line":108,"column":10},"end":{"line":108,"column":98}},"24":{"start":{"line":113,"column":13},"end":{"line":124,"column":3}},"25":{"start":{"line":114,"column":18},"end":{"line":114,"column":36}},"26":{"start":{"line":115,"column":4},"end":{"line":115,"column":51}},"27":{"start":{"line":117,"column":4},"end":{"line":119,"column":5}},"28":{"start":{"line":118,"column":6},"end":{"line":118,"column":45}},"29":{"start":{"line":121,"column":4},"end":{"line":123,"column":6}},"30":{"start":{"line":126,"column":19},"end":{"line":133,"column":3}},"31":{"start":{"line":127,"column":18},"end":{"line":127,"column":36}},"32":{"start":{"line":128,"column":4},"end":{"line":128,"column":61}},"33":{"start":{"line":130,"column":4},"end":{"line":132,"column":6}},"34":{"start":{"line":135,"column":13},"end":{"line":171,"column":3}},"35":{"start":{"line":136,"column":4},"end":{"line":136,"column":26}},"36":{"start":{"line":138,"column":4},"end":{"line":140,"column":6}},"37":{"start":{"line":142,"column":4},"end":{"line":142,"column":60}},"38":{"start":{"line":145,"column":4},"end":{"line":170,"column":8}},"39":{"start":{"line":147,"column":8},"end":{"line":149,"column":10}},"40":{"start":{"line":151,"column":8},"end":{"line":157,"column":9}},"41":{"start":{"line":152,"column":10},"end":{"line":152,"column":65}},"42":{"start":{"line":154,"column":10},"end":{"line":154,"column":63}},"43":{"start":{"line":156,"column":10},"end":{"line":156,"column":57}},"44":{"start":{"line":160,"column":8},"end":{"line":160,"column":73}},"45":{"start":{"line":162,"column":8},"end":{"line":164,"column":10}},"46":{"start":{"line":167,"column":8},"end":{"line":169,"column":16}},"47":{"start":{"line":168,"column":10},"end":{"line":168,"column":34}},"48":{"start":{"line":173,"column":13},"end":{"line":212,"column":3}},"49":{"start":{"line":174,"column":4},"end":{"line":174,"column":60}},"50":{"start":{"line":176,"column":4},"end":{"line":178,"column":6}},"51":{"start":{"line":180,"column":15},"end":{"line":180,"column":29}},"52":{"start":{"line":181,"column":4},"end":{"line":181,"column":46}},"53":{"start":{"line":184,"column":4},"end":{"line":211,"column":8}},"54":{"start":{"line":186,"column":8},"end":{"line":197,"column":9}},"55":{"start":{"line":187,"column":10},"end":{"line":187,"column":63}},"56":{"start":{"line":189,"column":24},"end":{"line":189,"column":42}},"57":{"start":{"line":190,"column":10},"end":{"line":190,"column":67}},"58":{"start":{"line":192,"column":10},"end":{"line":194,"column":12}},"59":{"start":{"line":196,"column":10},"end":{"line":196,"column":53}},"60":{"start":{"line":200,"column":8},"end":{"line":200,"column":73}},"61":{"start":{"line":204,"column":8},"end":{"line":206,"column":10}},"62":{"start":{"line":208,"column":8},"end":{"line":210,"column":16}},"63":{"start":{"line":209,"column":10},"end":{"line":209,"column":34}},"64":{"start":{"line":215,"column":4},"end":{"line":336,"column":5}},"65":{"start":{"line":282,"column":26},"end":{"line":282,"column":84}},"66":{"start":{"line":302,"column":26},"end":{"line":302,"column":90}},"67":{"start":{"line":320,"column":20},"end":{"line":321,"column":67}},"68":{"start":{"line":341,"column":0},"end":{"line":349,"column":1}}},"fnMap":{"0":{"name":"(anonymous_0)","decl":{"start":{"line":33,"column":2},"end":{"line":33,"column":3}},"loc":{"start":{"line":33,"column":21},"end":{"line":50,"column":3}},"line":33},"1":{"name":"(anonymous_1)","decl":{"start":{"line":52,"column":2},"end":{"line":52,"column":3}},"loc":{"start":{"line":52,"column":22},"end":{"line":93,"column":3}},"line":52},"2":{"name":"(anonymous_2)","decl":{"start":{"line":55,"column":12},"end":{"line":55,"column":13}},"loc":{"start":{"line":55,"column":24},"end":{"line":67,"column":7}},"line":55},"3":{"name":"(anonymous_3)","decl":{"start":{"line":68,"column":13},"end":{"line":68,"column":14}},"loc":{"start":{"line":68,"column":22},"end":{"line":70,"column":7}},"line":68},"4":{"name":"(anonymous_4)","decl":{"start":{"line":74,"column":12},"end":{"line":74,"column":13}},"loc":{"start":{"line":74,"column":24},"end":{"line":86,"column":7}},"line":74},"5":{"name":"(anonymous_5)","decl":{"start":{"line":87,"column":13},"end":{"line":87,"column":14}},"loc":{"start":{"line":87,"column":22},"end":{"line":89,"column":7}},"line":87},"6":{"name":"(anonymous_6)","decl":{"start":{"line":95,"column":15},"end":{"line":95,"column":16}},"loc":{"start":{"line":95,"column":30},"end":{"line":111,"column":3}},"line":95},"7":{"name":"(anonymous_7)","decl":{"start":{"line":98,"column":14},"end":{"line":98,"column":15}},"loc":{"start":{"line":98,"column":26},"end":{"line":106,"column":9}},"line":98},"8":{"name":"(anonymous_8)","decl":{"start":{"line":107,"column":15},"end":{"line":107,"column":16}},"loc":{"start":{"line":107,"column":24},"end":{"line":109,"column":9}},"line":107},"9":{"name":"(anonymous_9)","decl":{"start":{"line":113,"column":13},"end":{"line":113,"column":14}},"loc":{"start":{"line":113,"column":24},"end":{"line":124,"column":3}},"line":113},"10":{"name":"(anonymous_10)","decl":{"start":{"line":126,"column":19},"end":{"line":126,"column":20}},"loc":{"start":{"line":126,"column":30},"end":{"line":133,"column":3}},"line":126},"11":{"name":"(anonymous_11)","decl":{"start":{"line":135,"column":13},"end":{"line":135,"column":14}},"loc":{"start":{"line":135,"column":24},"end":{"line":171,"column":3}},"line":135},"12":{"name":"(anonymous_12)","decl":{"start":{"line":146,"column":12},"end":{"line":146,"column":13}},"loc":{"start":{"line":146,"column":24},"end":{"line":158,"column":7}},"line":146},"13":{"name":"(anonymous_13)","decl":{"start":{"line":159,"column":13},"end":{"line":159,"column":14}},"loc":{"start":{"line":159,"column":22},"end":{"line":165,"column":7}},"line":159},"14":{"name":"(anonymous_14)","decl":{"start":{"line":166,"column":12},"end":{"line":166,"column":13}},"loc":{"start":{"line":166,"column":18},"end":{"line":170,"column":7}},"line":166},"15":{"name":"(anonymous_15)","decl":{"start":{"line":167,"column":26},"end":{"line":167,"column":27}},"loc":{"start":{"line":167,"column":32},"end":{"line":169,"column":9}},"line":167},"16":{"name":"(anonymous_16)","decl":{"start":{"line":173,"column":13},"end":{"line":173,"column":14}},"loc":{"start":{"line":173,"column":24},"end":{"line":212,"column":3}},"line":173},"17":{"name":"(anonymous_17)","decl":{"start":{"line":185,"column":12},"end":{"line":185,"column":13}},"loc":{"start":{"line":185,"column":24},"end":{"line":198,"column":7}},"line":185},"18":{"name":"(anonymous_18)","decl":{"start":{"line":199,"column":13},"end":{"line":199,"column":14}},"loc":{"start":{"line":199,"column":22},"end":{"line":202,"column":7}},"line":199},"19":{"name":"(anonymous_19)","decl":{"start":{"line":203,"column":12},"end":{"line":203,"column":13}},"loc":{"start":{"line":203,"column":18},"end":{"line":211,"column":7}},"line":203},"20":{"name":"(anonymous_20)","decl":{"start":{"line":208,"column":26},"end":{"line":208,"column":27}},"loc":{"start":{"line":208,"column":32},"end":{"line":210,"column":9}},"line":208},"21":{"name":"(anonymous_21)","decl":{"start":{"line":214,"column":2},"end":{"line":214,"column":3}},"loc":{"start":{"line":214,"column":11},"end":{"line":337,"column":3}},"line":214},"22":{"name":"(anonymous_22)","decl":{"start":{"line":281,"column":52},"end":{"line":281,"column":53}},"loc":{"start":{"line":282,"column":26},"end":{"line":282,"column":84}},"line":282},"23":{"name":"(anonymous_23)","decl":{"start":{"line":301,"column":51},"end":{"line":301,"column":52}},"loc":{"start":{"line":302,"column":26},"end":{"line":302,"column":90}},"line":302},"24":{"name":"(anonymous_24)","decl":{"start":{"line":319,"column":61},"end":{"line":319,"column":62}},"loc":{"start":{"line":320,"column":20},"end":{"line":321,"column":67}},"line":320}},"branchMap":{"0":{"loc":{"start":{"line":56,"column":8},"end":{"line":66,"column":9}},"type":"if","locations":[{"start":{"line":56,"column":8},"end":{"line":66,"column":9}},{"start":{"line":56,"column":8},"end":{"line":66,"column":9}}],"line":56},"1":{"loc":{"start":{"line":56,"column":12},"end":{"line":56,"column":67}},"type":"binary-expr","locations":[{"start":{"line":56,"column":12},"end":{"line":56,"column":32}},{"start":{"line":56,"column":36},"end":{"line":56,"column":67}}],"line":56},"2":{"loc":{"start":{"line":75,"column":8},"end":{"line":85,"column":9}},"type":"if","locations":[{"start":{"line":75,"column":8},"end":{"line":85,"column":9}},{"start":{"line":75,"column":8},"end":{"line":85,"column":9}}],"line":75},"3":{"loc":{"start":{"line":75,"column":12},"end":{"line":75,"column":67}},"type":"binary-expr","locations":[{"start":{"line":75,"column":12},"end":{"line":75,"column":32}},{"start":{"line":75,"column":36},"end":{"line":75,"column":67}}],"line":75},"4":{"loc":{"start":{"line":96,"column":4},"end":{"line":110,"column":5}},"type":"if","locations":[{"start":{"line":96,"column":4},"end":{"line":110,"column":5}},{"start":{"line":96,"column":4},"end":{"line":110,"column":5}}],"line":96},"5":{"loc":{"start":{"line":99,"column":10},"end":{"line":105,"column":11}},"type":"if","locations":[{"start":{"line":99,"column":10},"end":{"line":105,"column":11}},{"start":{"line":99,"column":10},"end":{"line":105,"column":11}}],"line":99},"6":{"loc":{"start":{"line":99,"column":14},"end":{"line":99,"column":69}},"type":"binary-expr","locations":[{"start":{"line":99,"column":14},"end":{"line":99,"column":34}},{"start":{"line":99,"column":38},"end":{"line":99,"column":69}}],"line":99},"7":{"loc":{"start":{"line":117,"column":4},"end":{"line":119,"column":5}},"type":"if","locations":[{"start":{"line":117,"column":4},"end":{"line":119,"column":5}},{"start":{"line":117,"column":4},"end":{"line":119,"column":5}}],"line":117},"8":{"loc":{"start":{"line":151,"column":8},"end":{"line":157,"column":9}},"type":"if","locations":[{"start":{"line":151,"column":8},"end":{"line":157,"column":9}},{"start":{"line":151,"column":8},"end":{"line":157,"column":9}}],"line":151},"9":{"loc":{"start":{"line":151,"column":12},"end":{"line":151,"column":67}},"type":"binary-expr","locations":[{"start":{"line":151,"column":12},"end":{"line":151,"column":32}},{"start":{"line":151,"column":36},"end":{"line":151,"column":67}}],"line":151},"10":{"loc":{"start":{"line":186,"column":8},"end":{"line":197,"column":9}},"type":"if","locations":[{"start":{"line":186,"column":8},"end":{"line":197,"column":9}},{"start":{"line":186,"column":8},"end":{"line":197,"column":9}}],"line":186},"11":{"loc":{"start":{"line":240,"column":17},"end":{"line":240,"column":77}},"type":"cond-expr","locations":[{"start":{"line":240,"column":60},"end":{"line":240,"column":68}},{"start":{"line":240,"column":71},"end":{"line":240,"column":77}}],"line":240},"12":{"loc":{"start":{"line":279,"column":22},"end":{"line":285,"column":92}},"type":"cond-expr","locations":[{"start":{"line":281,"column":24},"end":{"line":283,"column":26}},{"start":{"line":285,"column":24},"end":{"line":285,"column":92}}],"line":279},"13":{"loc":{"start":{"line":299,"column":22},"end":{"line":305,"column":94}},"type":"cond-expr","locations":[{"start":{"line":301,"column":24},"end":{"line":303,"column":26}},{"start":{"line":305,"column":24},"end":{"line":305,"column":94}}],"line":299}},"s":{"0":0,"1":0,"2":0,"3":0,"4":0,"5":0,"6":0,"7":0,"8":0,"9":0,"10":0,"11":0,"12":0,"13":0,"14":0,"15":0,"16":0,"17":0,"18":0,"19":0,"20":0,"21":0,"22":0,"23":0,"24":0,"25":0,"26":0,"27":0,"28":0,"29":0,"30":0,"31":0,"32":0,"33":0,"34":0,"35":0,"36":0,"37":0,"38":0,"39":0,"40":0,"41":0,"42":0,"43":0,"44":0,"45":0,"46":0,"47":0,"48":0,"49":0,"50":0,"51":0,"52":0,"53":0,"54":0,"55":0,"56":0,"57":0,"58":0,"59":0,"60":0,"61":0,"62":0,"63":0,"64":0,"65":0,"66":0,"67":0,"68":1},"f":{"0":0,"1":0,"2":0,"3":0,"4":0,"5":0,"6":0,"7":0,"8":0,"9":0,"10":0,"11":0,"12":0,"13":0,"14":0,"15":0,"16":0,"17":0,"18":0,"19":0,"20":0,"21":0,"22":0,"23":0,"24":0},"b":{"0":[0,0],"1":[0,0],"2":[0,0],"3":[0,0],"4":[0,0],"5":[0,0],"6":[0,0],"7":[0,0],"8":[0,0],"9":[0,0],"10":[0,0],"11":[0,0],"12":[0,0],"13":[0,0]},"_coverageSchema":"1a1c01bbd47fc00a2c39e90264f33305004495a9","hash":"51f699e5983f7bbc34c1d67371bda4443017f674"}
,"/Users/kylewong/turing/4module/Crate-group/code/web/src/modules/admin/product/List.js": {"path":"/Users/kylewong/turing/4module/Crate-group/code/web/src/modules/admin/product/List.js","statementMap":{"0":{"start":{"line":28,"column":4},"end":{"line":28,"column":43}},"1":{"start":{"line":33,"column":4},"end":{"line":33,"column":31}},"2":{"start":{"line":36,"column":11},"end":{"line":72,"column":3}},"3":{"start":{"line":37,"column":4},"end":{"line":71,"column":5}},"4":{"start":{"line":38,"column":18},"end":{"line":38,"column":74}},"5":{"start":{"line":40,"column":6},"end":{"line":70,"column":7}},"6":{"start":{"line":41,"column":8},"end":{"line":41,"column":58}},"7":{"start":{"line":43,"column":8},"end":{"line":69,"column":12}},"8":{"start":{"line":45,"column":12},"end":{"line":55,"column":13}},"9":{"start":{"line":46,"column":14},"end":{"line":52,"column":15}},"10":{"start":{"line":47,"column":16},"end":{"line":47,"column":71}},"11":{"start":{"line":49,"column":16},"end":{"line":49,"column":71}},"12":{"start":{"line":51,"column":16},"end":{"line":51,"column":48}},"13":{"start":{"line":54,"column":14},"end":{"line":54,"column":57}},"14":{"start":{"line":58,"column":12},"end":{"line":58,"column":77}},"15":{"start":{"line":62,"column":12},"end":{"line":64,"column":14}},"16":{"start":{"line":66,"column":12},"end":{"line":68,"column":20}},"17":{"start":{"line":67,"column":14},"end":{"line":67,"column":38}},"18":{"start":{"line":75,"column":32},"end":{"line":75,"column":51}},"19":{"start":{"line":77,"column":4},"end":{"line":169,"column":5}},"20":{"start":{"line":125,"column":26},"end":{"line":155,"column":31}},"21":{"start":{"line":174,"column":0},"end":{"line":180,"column":1}},"22":{"start":{"line":184,"column":2},"end":{"line":186,"column":3}}},"fnMap":{"0":{"name":"(anonymous_0)","decl":{"start":{"line":27,"column":2},"end":{"line":27,"column":3}},"loc":{"start":{"line":27,"column":30},"end":{"line":29,"column":3}},"line":27},"1":{"name":"(anonymous_1)","decl":{"start":{"line":32,"column":2},"end":{"line":32,"column":3}},"loc":{"start":{"line":32,"column":22},"end":{"line":34,"column":3}},"line":32},"2":{"name":"(anonymous_2)","decl":{"start":{"line":36,"column":11},"end":{"line":36,"column":12}},"loc":{"start":{"line":36,"column":19},"end":{"line":72,"column":3}},"line":36},"3":{"name":"(anonymous_3)","decl":{"start":{"line":44,"column":16},"end":{"line":44,"column":17}},"loc":{"start":{"line":44,"column":28},"end":{"line":56,"column":11}},"line":44},"4":{"name":"(anonymous_4)","decl":{"start":{"line":57,"column":17},"end":{"line":57,"column":18}},"loc":{"start":{"line":57,"column":26},"end":{"line":60,"column":11}},"line":57},"5":{"name":"(anonymous_5)","decl":{"start":{"line":61,"column":16},"end":{"line":61,"column":17}},"loc":{"start":{"line":61,"column":22},"end":{"line":69,"column":11}},"line":61},"6":{"name":"(anonymous_6)","decl":{"start":{"line":66,"column":30},"end":{"line":66,"column":31}},"loc":{"start":{"line":66,"column":36},"end":{"line":68,"column":13}},"line":66},"7":{"name":"(anonymous_7)","decl":{"start":{"line":74,"column":2},"end":{"line":74,"column":3}},"loc":{"start":{"line":74,"column":11},"end":{"line":170,"column":3}},"line":74},"8":{"name":"(anonymous_8)","decl":{"start":{"line":124,"column":33},"end":{"line":124,"column":34}},"loc":{"start":{"line":125,"column":26},"end":{"line":155,"column":31}},"line":125},"9":{"name":"listState","decl":{"start":{"line":183,"column":9},"end":{"line":183,"column":18}},"loc":{"start":{"line":183,"column":26},"end":{"line":187,"column":1}},"line":183}},"branchMap":{"0":{"loc":{"start":{"line":37,"column":4},"end":{"line":71,"column":5}},"type":"if","locations":[{"start":{"line":37,"column":4},"end":{"line":71,"column":5}},{"start":{"line":37,"column":4},"end":{"line":71,"column":5}}],"line":37},"1":{"loc":{"start":{"line":40,"column":6},"end":{"line":70,"column":7}},"type":"if","locations":[{"start":{"line":40,"column":6},"end":{"line":70,"column":7}},{"start":{"line":40,"column":6},"end":{"line":70,"column":7}}],"line":40},"2":{"loc":{"start":{"line":45,"column":12},"end":{"line":55,"column":13}},"type":"if","locations":[{"start":{"line":45,"column":12},"end":{"line":55,"column":13}},{"start":{"line":45,"column":12},"end":{"line":55,"column":13}}],"line":45},"3":{"loc":{"start":{"line":46,"column":14},"end":{"line":52,"column":15}},"type":"if","locations":[{"start":{"line":46,"column":14},"end":{"line":52,"column":15}},{"start":{"line":46,"column":14},"end":{"line":52,"column":15}}],"line":46},"4":{"loc":{"start":{"line":46,"column":18},"end":{"line":46,"column":73}},"type":"binary-expr","locations":[{"start":{"line":46,"column":18},"end":{"line":46,"column":38}},{"start":{"line":46,"column":42},"end":{"line":46,"column":73}}],"line":46},"5":{"loc":{"start":{"line":117,"column":18},"end":{"line":161,"column":29}},"type":"cond-expr","locations":[{"start":{"line":118,"column":22},"end":{"line":122,"column":27}},{"start":{"line":123,"column":22},"end":{"line":161,"column":29}}],"line":117},"6":{"loc":{"start":{"line":123,"column":22},"end":{"line":161,"column":29}},"type":"cond-expr","locations":[{"start":{"line":124,"column":24},"end":{"line":156,"column":26}},{"start":{"line":157,"column":24},"end":{"line":161,"column":29}}],"line":123}},"s":{"0":0,"1":0,"2":0,"3":0,"4":0,"5":0,"6":0,"7":0,"8":0,"9":0,"10":0,"11":0,"12":0,"13":0,"14":0,"15":0,"16":0,"17":0,"18":0,"19":0,"20":0,"21":1,"22":0},"f":{"0":0,"1":0,"2":0,"3":0,"4":0,"5":0,"6":0,"7":0,"8":0,"9":0},"b":{"0":[0,0],"1":[0,0],"2":[0,0],"3":[0,0],"4":[0,0],"5":[0,0],"6":[0,0]},"_coverageSchema":"1a1c01bbd47fc00a2c39e90264f33305004495a9","hash":"9c8117550cbcc2a8f94dc7a5fb7d3f8cfcd4547b"}
,"/Users/kylewong/turing/4module/Crate-group/code/web/src/modules/admin/subscription/List.js": {"path":"/Users/kylewong/turing/4module/Crate-group/code/web/src/modules/admin/subscription/List.js","statementMap":{"0":{"start":{"line":22,"column":4},"end":{"line":22,"column":55}},"1":{"start":{"line":27,"column":4},"end":{"line":27,"column":43}},"2":{"start":{"line":31,"column":32},"end":{"line":31,"column":56}},"3":{"start":{"line":33,"column":4},"end":{"line":93,"column":5}},"4":{"start":{"line":67,"column":26},"end":{"line":79,"column":31}},"5":{"start":{"line":98,"column":0},"end":{"line":103,"column":1}},"6":{"start":{"line":107,"column":2},"end":{"line":109,"column":3}}},"fnMap":{"0":{"name":"(anonymous_0)","decl":{"start":{"line":21,"column":2},"end":{"line":21,"column":3}},"loc":{"start":{"line":21,"column":30},"end":{"line":23,"column":3}},"line":21},"1":{"name":"(anonymous_1)","decl":{"start":{"line":26,"column":2},"end":{"line":26,"column":3}},"loc":{"start":{"line":26,"column":22},"end":{"line":28,"column":3}},"line":26},"2":{"name":"(anonymous_2)","decl":{"start":{"line":30,"column":2},"end":{"line":30,"column":3}},"loc":{"start":{"line":30,"column":11},"end":{"line":94,"column":3}},"line":30},"3":{"name":"(anonymous_3)","decl":{"start":{"line":66,"column":33},"end":{"line":66,"column":34}},"loc":{"start":{"line":67,"column":26},"end":{"line":79,"column":31}},"line":67},"4":{"name":"listState","decl":{"start":{"line":106,"column":9},"end":{"line":106,"column":18}},"loc":{"start":{"line":106,"column":26},"end":{"line":110,"column":1}},"line":106}},"branchMap":{"0":{"loc":{"start":{"line":59,"column":18},"end":{"line":85,"column":29}},"type":"cond-expr","locations":[{"start":{"line":60,"column":22},"end":{"line":64,"column":27}},{"start":{"line":65,"column":22},"end":{"line":85,"column":29}}],"line":59},"1":{"loc":{"start":{"line":65,"column":22},"end":{"line":85,"column":29}},"type":"cond-expr","locations":[{"start":{"line":66,"column":24},"end":{"line":80,"column":26}},{"start":{"line":81,"column":24},"end":{"line":85,"column":29}}],"line":65}},"s":{"0":0,"1":0,"2":0,"3":0,"4":0,"5":1,"6":0},"f":{"0":0,"1":0,"2":0,"3":0,"4":0},"b":{"0":[0,0],"1":[0,0]},"_coverageSchema":"1a1c01bbd47fc00a2c39e90264f33305004495a9","hash":"d9946e109489f81eacbbeaf0058191a0b4f9aa73"}
,"/Users/kylewong/turing/4module/Crate-group/code/web/src/modules/auth/AuthCheck.js": {"path":"/Users/kylewong/turing/4module/Crate-group/code/web/src/modules/auth/AuthCheck.js","statementMap":{"0":{"start":{"line":12,"column":18},"end":{"line":14,"column":1}},"1":{"start":{"line":13,"column":2},"end":{"line":13,"column":148}},"2":{"start":{"line":17,"column":0},"end":{"line":19,"column":1}},"3":{"start":{"line":23,"column":2},"end":{"line":25,"column":3}}},"fnMap":{"0":{"name":"(anonymous_0)","decl":{"start":{"line":12,"column":18},"end":{"line":12,"column":19}},"loc":{"start":{"line":13,"column":2},"end":{"line":13,"column":148}},"line":13},"1":{"name":"authCheckState","decl":{"start":{"line":22,"column":9},"end":{"line":22,"column":23}},"loc":{"start":{"line":22,"column":31},"end":{"line":26,"column":1}},"line":22}},"branchMap":{"0":{"loc":{"start":{"line":13,"column":2},"end":{"line":13,"column":148}},"type":"cond-expr","locations":[{"start":{"line":13,"column":32},"end":{"line":13,"column":142}},{"start":{"line":13,"column":146},"end":{"line":13,"column":148}}],"line":13},"1":{"loc":{"start":{"line":13,"column":32},"end":{"line":13,"column":142}},"type":"cond-expr","locations":[{"start":{"line":13,"column":70},"end":{"line":13,"column":107}},{"start":{"line":13,"column":110},"end":{"line":13,"column":142}}],"line":13}},"s":{"0":1,"1":0,"2":1,"3":0},"f":{"0":0,"1":0},"b":{"0":[0,0],"1":[0,0]},"_coverageSchema":"1a1c01bbd47fc00a2c39e90264f33305004495a9","hash":"3cdaeaba64756215c6de5fee87923ab208c6bde7"}
,"/Users/kylewong/turing/4module/Crate-group/code/web/src/modules/common/EmptyMessage.js": {"path":"/Users/kylewong/turing/4module/Crate-group/code/web/src/modules/common/EmptyMessage.js","statementMap":{"0":{"start":{"line":9,"column":21},"end":{"line":11,"column":1}},"1":{"start":{"line":10,"column":2},"end":{"line":10,"column":92}},"2":{"start":{"line":14,"column":0},"end":{"line":16,"column":1}},"3":{"start":{"line":19,"column":0},"end":{"line":21,"column":1}}},"fnMap":{"0":{"name":"(anonymous_0)","decl":{"start":{"line":9,"column":21},"end":{"line":9,"column":22}},"loc":{"start":{"line":10,"column":2},"end":{"line":10,"column":92}},"line":10}},"branchMap":{},"s":{"0":1,"1":0,"2":1,"3":1},"f":{"0":0},"b":{},"_coverageSchema":"1a1c01bbd47fc00a2c39e90264f33305004495a9","hash":"05b8093dfe1a7c6fca6efbac0fed21f193067c2d"}
,"/Users/kylewong/turing/4module/Crate-group/code/web/src/modules/common/Loading.js": {"path":"/Users/kylewong/turing/4module/Crate-group/code/web/src/modules/common/Loading.js","statementMap":{"0":{"start":{"line":9,"column":16},"end":{"line":11,"column":1}},"1":{"start":{"line":10,"column":2},"end":{"line":10,"column":117}},"2":{"start":{"line":14,"column":0},"end":{"line":16,"column":1}}},"fnMap":{"0":{"name":"(anonymous_0)","decl":{"start":{"line":9,"column":16},"end":{"line":9,"column":17}},"loc":{"start":{"line":10,"column":2},"end":{"line":10,"column":117}},"line":10}},"branchMap":{"0":{"loc":{"start":{"line":10,"column":68},"end":{"line":10,"column":112}},"type":"cond-expr","locations":[{"start":{"line":10,"column":84},"end":{"line":10,"column":97}},{"start":{"line":10,"column":100},"end":{"line":10,"column":112}}],"line":10}},"s":{"0":1,"1":0,"2":1},"f":{"0":0},"b":{"0":[0,0]},"_coverageSchema":"1a1c01bbd47fc00a2c39e90264f33305004495a9","hash":"40aecdaa50b393e7f51dd4da6208f6e65c7ff91c"}
,"/Users/kylewong/turing/4module/Crate-group/code/web/src/modules/common/api/actions.js": {"path":"/Users/kylewong/turing/4module/Crate-group/code/web/src/modules/common/api/actions.js","statementMap":{"0":{"start":{"line":5,"column":28},"end":{"line":5,"column":49}},"1":{"start":{"line":6,"column":28},"end":{"line":6,"column":49}},"2":{"start":{"line":10,"column":2},"end":{"line":10,"column":40}},"3":{"start":{"line":14,"column":2},"end":{"line":14,"column":31}},"4":{"start":{"line":18,"column":2},"end":{"line":24,"column":3}},"5":{"start":{"line":19,"column":4},"end":{"line":23,"column":6}}},"fnMap":{"0":{"name":"messageShow","decl":{"start":{"line":9,"column":16},"end":{"line":9,"column":27}},"loc":{"start":{"line":9,"column":37},"end":{"line":11,"column":1}},"line":9},"1":{"name":"messageHide","decl":{"start":{"line":13,"column":16},"end":{"line":13,"column":27}},"loc":{"start":{"line":13,"column":30},"end":{"line":15,"column":1}},"line":13},"2":{"name":"upload","decl":{"start":{"line":17,"column":16},"end":{"line":17,"column":22}},"loc":{"start":{"line":17,"column":29},"end":{"line":25,"column":1}},"line":17},"3":{"name":"(anonymous_3)","decl":{"start":{"line":18,"column":9},"end":{"line":18,"column":10}},"loc":{"start":{"line":18,"column":21},"end":{"line":24,"column":3}},"line":18}},"branchMap":{},"s":{"0":1,"1":1,"2":0,"3":0,"4":0,"5":0},"f":{"0":0,"1":0,"2":0,"3":0},"b":{},"_coverageSchema":"1a1c01bbd47fc00a2c39e90264f33305004495a9","hash":"b61ff62d0e3815776b6436a9bcfedd944d7671c0"}
,"/Users/kylewong/turing/4module/Crate-group/code/web/src/modules/common/header/Menu.js": {"path":"/Users/kylewong/turing/4module/Crate-group/code/web/src/modules/common/header/Menu.js","statementMap":{"0":{"start":{"line":5,"column":13},"end":{"line":13,"column":1}},"1":{"start":{"line":6,"column":34},"end":{"line":6,"column":39}},"2":{"start":{"line":8,"column":2},"end":{"line":12,"column":3}}},"fnMap":{"0":{"name":"(anonymous_0)","decl":{"start":{"line":5,"column":13},"end":{"line":5,"column":14}},"loc":{"start":{"line":5,"column":24},"end":{"line":13,"column":1}},"line":5}},"branchMap":{},"s":{"0":1,"1":0,"2":0},"f":{"0":0},"b":{},"_coverageSchema":"1a1c01bbd47fc00a2c39e90264f33305004495a9","hash":"ffa396fa81a92687428d61dcde0f814ad8eacdf0"}
,"/Users/kylewong/turing/4module/Crate-group/code/web/src/modules/common/header/MenuItem.js": {"path":"/Users/kylewong/turing/4module/Crate-group/code/web/src/modules/common/header/MenuItem.js","statementMap":{"0":{"start":{"line":12,"column":17},"end":{"line":41,"column":1}},"1":{"start":{"line":13,"column":57},"end":{"line":13,"column":62}},"2":{"start":{"line":15,"column":24},"end":{"line":21,"column":3}},"3":{"start":{"line":16,"column":27},"end":{"line":16,"column":64}},"4":{"start":{"line":18,"column":4},"end":{"line":20,"column":15}},"5":{"start":{"line":23,"column":2},"end":{"line":40,"column":3}},"6":{"start":{"line":44,"column":0},"end":{"line":49,"column":1}},"7":{"start":{"line":50,"column":0},"end":{"line":54,"column":1}}},"fnMap":{"0":{"name":"(anonymous_0)","decl":{"start":{"line":12,"column":17},"end":{"line":12,"column":18}},"loc":{"start":{"line":12,"column":28},"end":{"line":41,"column":1}},"line":12},"1":{"name":"(anonymous_1)","decl":{"start":{"line":15,"column":24},"end":{"line":15,"column":25}},"loc":{"start":{"line":15,"column":30},"end":{"line":21,"column":3}},"line":15}},"branchMap":{"0":{"loc":{"start":{"line":18,"column":11},"end":{"line":20,"column":15}},"type":"binary-expr","locations":[{"start":{"line":18,"column":12},"end":{"line":18,"column":47}},{"start":{"line":18,"column":51},"end":{"line":18,"column":77}},{"start":{"line":19,"column":9},"end":{"line":19,"column":39}},{"start":{"line":20,"column":9},"end":{"line":20,"column":15}}],"line":18},"1":{"loc":{"start":{"line":31,"column":11},"end":{"line":35,"column":17}},"type":"cond-expr","locations":[{"start":{"line":31,"column":29},"end":{"line":35,"column":9}},{"start":{"line":35,"column":12},"end":{"line":35,"column":17}}],"line":31},"2":{"loc":{"start":{"line":32,"column":28},"end":{"line":32,"column":70}},"type":"cond-expr","locations":[{"start":{"line":32,"column":51},"end":{"line":32,"column":60}},{"start":{"line":32,"column":63},"end":{"line":32,"column":70}}],"line":32}},"s":{"0":1,"1":0,"2":0,"3":0,"4":0,"5":0,"6":1,"7":1},"f":{"0":0,"1":0},"b":{"0":[0,0,0,0],"1":[0,0],"2":[0,0]},"_coverageSchema":"1a1c01bbd47fc00a2c39e90264f33305004495a9","hash":"d8cafd43596a5dcb544bd50d29abdf7e641f16cd"}
,"/Users/kylewong/turing/4module/Crate-group/code/web/src/modules/crate/Item.js": {"path":"/Users/kylewong/turing/4module/Crate-group/code/web/src/modules/crate/Item.js","statementMap":{"0":{"start":{"line":24,"column":4},"end":{"line":24,"column":16}},"1":{"start":{"line":26,"column":4},"end":{"line":28,"column":5}},"2":{"start":{"line":31,"column":21},"end":{"line":60,"column":3}},"3":{"start":{"line":32,"column":4},"end":{"line":34,"column":6}},"4":{"start":{"line":36,"column":4},"end":{"line":36,"column":57}},"5":{"start":{"line":38,"column":4},"end":{"line":59,"column":8}},"6":{"start":{"line":40,"column":8},"end":{"line":46,"column":9}},"7":{"start":{"line":41,"column":10},"end":{"line":41,"column":65}},"8":{"start":{"line":43,"column":10},"end":{"line":43,"column":60}},"9":{"start":{"line":45,"column":10},"end":{"line":45,"column":64}},"10":{"start":{"line":49,"column":8},"end":{"line":49,"column":99}},"11":{"start":{"line":52,"column":8},"end":{"line":54,"column":10}},"12":{"start":{"line":56,"column":8},"end":{"line":58,"column":16}},"13":{"start":{"line":57,"column":10},"end":{"line":57,"column":34}},"14":{"start":{"line":63,"column":38},"end":{"line":63,"column":54}},"15":{"start":{"line":64,"column":26},"end":{"line":64,"column":36}},"16":{"start":{"line":66,"column":4},"end":{"line":89,"column":5}},"17":{"start":{"line":94,"column":0},"end":{"line":99,"column":1}},"18":{"start":{"line":103,"column":2},"end":{"line":105,"column":3}}},"fnMap":{"0":{"name":"(anonymous_0)","decl":{"start":{"line":23,"column":2},"end":{"line":23,"column":3}},"loc":{"start":{"line":23,"column":21},"end":{"line":29,"column":3}},"line":23},"1":{"name":"(anonymous_1)","decl":{"start":{"line":31,"column":21},"end":{"line":31,"column":22}},"loc":{"start":{"line":31,"column":34},"end":{"line":60,"column":3}},"line":31},"2":{"name":"(anonymous_2)","decl":{"start":{"line":39,"column":12},"end":{"line":39,"column":13}},"loc":{"start":{"line":39,"column":24},"end":{"line":47,"column":7}},"line":39},"3":{"name":"(anonymous_3)","decl":{"start":{"line":48,"column":13},"end":{"line":48,"column":14}},"loc":{"start":{"line":48,"column":22},"end":{"line":50,"column":7}},"line":48},"4":{"name":"(anonymous_4)","decl":{"start":{"line":51,"column":12},"end":{"line":51,"column":13}},"loc":{"start":{"line":51,"column":18},"end":{"line":59,"column":7}},"line":51},"5":{"name":"(anonymous_5)","decl":{"start":{"line":56,"column":26},"end":{"line":56,"column":27}},"loc":{"start":{"line":56,"column":32},"end":{"line":58,"column":9}},"line":56},"6":{"name":"(anonymous_6)","decl":{"start":{"line":62,"column":2},"end":{"line":62,"column":3}},"loc":{"start":{"line":62,"column":11},"end":{"line":90,"column":3}},"line":62},"7":{"name":"itemState","decl":{"start":{"line":102,"column":9},"end":{"line":102,"column":18}},"loc":{"start":{"line":102,"column":26},"end":{"line":106,"column":1}},"line":102}},"branchMap":{"0":{"loc":{"start":{"line":40,"column":8},"end":{"line":46,"column":9}},"type":"if","locations":[{"start":{"line":40,"column":8},"end":{"line":46,"column":9}},{"start":{"line":40,"column":8},"end":{"line":46,"column":9}}],"line":40},"1":{"loc":{"start":{"line":40,"column":12},"end":{"line":40,"column":67}},"type":"binary-expr","locations":[{"start":{"line":40,"column":12},"end":{"line":40,"column":32}},{"start":{"line":40,"column":36},"end":{"line":40,"column":67}}],"line":40}},"s":{"0":0,"1":0,"2":0,"3":0,"4":0,"5":0,"6":0,"7":0,"8":0,"9":0,"10":0,"11":0,"12":0,"13":0,"14":0,"15":0,"16":0,"17":1,"18":0},"f":{"0":0,"1":0,"2":0,"3":0,"4":0,"5":0,"6":0,"7":0},"b":{"0":[0,0],"1":[0,0]},"_coverageSchema":"1a1c01bbd47fc00a2c39e90264f33305004495a9","hash":"9c94db2f2d2edb6d9e7f9d253b5422e59f28a1b9"}
,"/Users/kylewong/turing/4module/Crate-group/code/web/src/modules/crate/List.js": {"path":"/Users/kylewong/turing/4module/Crate-group/code/web/src/modules/crate/List.js","statementMap":{"0":{"start":{"line":23,"column":4},"end":{"line":23,"column":47}},"1":{"start":{"line":28,"column":4},"end":{"line":28,"column":35}},"2":{"start":{"line":32,"column":4},"end":{"line":66,"column":5}},"3":{"start":{"line":57,"column":22},"end":{"line":59,"column":28}},"4":{"start":{"line":71,"column":0},"end":{"line":74,"column":1}},"5":{"start":{"line":78,"column":2},"end":{"line":80,"column":3}}},"fnMap":{"0":{"name":"(anonymous_0)","decl":{"start":{"line":22,"column":2},"end":{"line":22,"column":3}},"loc":{"start":{"line":22,"column":30},"end":{"line":24,"column":3}},"line":22},"1":{"name":"(anonymous_1)","decl":{"start":{"line":27,"column":2},"end":{"line":27,"column":3}},"loc":{"start":{"line":27,"column":22},"end":{"line":29,"column":3}},"line":27},"2":{"name":"(anonymous_2)","decl":{"start":{"line":31,"column":2},"end":{"line":31,"column":3}},"loc":{"start":{"line":31,"column":11},"end":{"line":67,"column":3}},"line":31},"3":{"name":"(anonymous_3)","decl":{"start":{"line":56,"column":49},"end":{"line":56,"column":50}},"loc":{"start":{"line":57,"column":22},"end":{"line":59,"column":28}},"line":57},"4":{"name":"listState","decl":{"start":{"line":77,"column":9},"end":{"line":77,"column":18}},"loc":{"start":{"line":77,"column":26},"end":{"line":81,"column":1}},"line":77}},"branchMap":{"0":{"loc":{"start":{"line":53,"column":14},"end":{"line":61,"column":66}},"type":"cond-expr","locations":[{"start":{"line":54,"column":18},"end":{"line":54,"column":28}},{"start":{"line":55,"column":18},"end":{"line":61,"column":66}}],"line":53},"1":{"loc":{"start":{"line":55,"column":18},"end":{"line":61,"column":66}},"type":"cond-expr","locations":[{"start":{"line":56,"column":22},"end":{"line":60,"column":22}},{"start":{"line":61,"column":22},"end":{"line":61,"column":66}}],"line":55}},"s":{"0":0,"1":0,"2":0,"3":0,"4":1,"5":0},"f":{"0":0,"1":0,"2":0,"3":0,"4":0},"b":{"0":[0,0],"1":[0,0]},"_coverageSchema":"1a1c01bbd47fc00a2c39e90264f33305004495a9","hash":"6ca02f99b1c78aebf6547a69653c7734a69ff46e"}
,"/Users/kylewong/turing/4module/Crate-group/code/web/src/modules/crate/api/actions.js": {"path":"/Users/kylewong/turing/4module/Crate-group/code/web/src/modules/crate/api/actions.js","statementMap":{"0":{"start":{"line":9,"column":39},"end":{"line":9,"column":64}},"1":{"start":{"line":10,"column":40},"end":{"line":10,"column":66}},"2":{"start":{"line":11,"column":39},"end":{"line":11,"column":64}},"3":{"start":{"line":12,"column":34},"end":{"line":12,"column":54}},"4":{"start":{"line":13,"column":35},"end":{"line":13,"column":56}},"5":{"start":{"line":14,"column":34},"end":{"line":14,"column":54}},"6":{"start":{"line":20,"column":2},"end":{"line":51,"column":3}},"7":{"start":{"line":21,"column":4},"end":{"line":25,"column":6}},"8":{"start":{"line":27,"column":4},"end":{"line":50,"column":8}},"9":{"start":{"line":33,"column":8},"end":{"line":42,"column":9}},"10":{"start":{"line":34,"column":10},"end":{"line":39,"column":12}},"11":{"start":{"line":41,"column":10},"end":{"line":41,"column":33}},"12":{"start":{"line":45,"column":8},"end":{"line":49,"column":10}},"13":{"start":{"line":56,"column":2},"end":{"line":82,"column":3}},"14":{"start":{"line":57,"column":4},"end":{"line":60,"column":6}},"15":{"start":{"line":62,"column":4},"end":{"line":81,"column":8}},"16":{"start":{"line":68,"column":8},"end":{"line":73,"column":10}},"17":{"start":{"line":76,"column":8},"end":{"line":80,"column":10}},"18":{"start":{"line":87,"column":2},"end":{"line":93,"column":3}},"19":{"start":{"line":88,"column":4},"end":{"line":92,"column":7}},"20":{"start":{"line":98,"column":2},"end":{"line":103,"column":3}},"21":{"start":{"line":99,"column":4},"end":{"line":99,"column":24}},"22":{"start":{"line":101,"column":4},"end":{"line":101,"column":19}},"23":{"start":{"line":102,"column":4},"end":{"line":102,"column":24}},"24":{"start":{"line":108,"column":2},"end":{"line":114,"column":3}},"25":{"start":{"line":109,"column":4},"end":{"line":113,"column":7}},"26":{"start":{"line":119,"column":2},"end":{"line":125,"column":3}},"27":{"start":{"line":120,"column":4},"end":{"line":124,"column":7}},"28":{"start":{"line":130,"column":2},"end":{"line":136,"column":3}},"29":{"start":{"line":131,"column":4},"end":{"line":135,"column":7}}},"fnMap":{"0":{"name":"getList","decl":{"start":{"line":19,"column":16},"end":{"line":19,"column":23}},"loc":{"start":{"line":19,"column":60},"end":{"line":52,"column":1}},"line":19},"1":{"name":"(anonymous_1)","decl":{"start":{"line":20,"column":9},"end":{"line":20,"column":10}},"loc":{"start":{"line":20,"column":21},"end":{"line":51,"column":3}},"line":20},"2":{"name":"(anonymous_2)","decl":{"start":{"line":32,"column":12},"end":{"line":32,"column":13}},"loc":{"start":{"line":32,"column":24},"end":{"line":43,"column":7}},"line":32},"3":{"name":"(anonymous_3)","decl":{"start":{"line":44,"column":13},"end":{"line":44,"column":14}},"loc":{"start":{"line":44,"column":22},"end":{"line":50,"column":7}},"line":44},"4":{"name":"get","decl":{"start":{"line":55,"column":16},"end":{"line":55,"column":19}},"loc":{"start":{"line":55,"column":44},"end":{"line":83,"column":1}},"line":55},"5":{"name":"(anonymous_5)","decl":{"start":{"line":56,"column":9},"end":{"line":56,"column":10}},"loc":{"start":{"line":56,"column":21},"end":{"line":82,"column":3}},"line":56},"6":{"name":"(anonymous_6)","decl":{"start":{"line":67,"column":12},"end":{"line":67,"column":13}},"loc":{"start":{"line":67,"column":24},"end":{"line":74,"column":7}},"line":67},"7":{"name":"(anonymous_7)","decl":{"start":{"line":75,"column":13},"end":{"line":75,"column":14}},"loc":{"start":{"line":75,"column":22},"end":{"line":81,"column":7}},"line":75},"8":{"name":"getById","decl":{"start":{"line":86,"column":16},"end":{"line":86,"column":23}},"loc":{"start":{"line":86,"column":33},"end":{"line":94,"column":1}},"line":86},"9":{"name":"(anonymous_9)","decl":{"start":{"line":87,"column":9},"end":{"line":87,"column":10}},"loc":{"start":{"line":87,"column":21},"end":{"line":93,"column":3}},"line":87},"10":{"name":"createOrUpdate","decl":{"start":{"line":97,"column":16},"end":{"line":97,"column":30}},"loc":{"start":{"line":97,"column":38},"end":{"line":104,"column":1}},"line":97},"11":{"name":"create","decl":{"start":{"line":107,"column":16},"end":{"line":107,"column":22}},"loc":{"start":{"line":107,"column":34},"end":{"line":115,"column":1}},"line":107},"12":{"name":"(anonymous_12)","decl":{"start":{"line":108,"column":9},"end":{"line":108,"column":10}},"loc":{"start":{"line":108,"column":21},"end":{"line":114,"column":3}},"line":108},"13":{"name":"update","decl":{"start":{"line":118,"column":16},"end":{"line":118,"column":22}},"loc":{"start":{"line":118,"column":30},"end":{"line":126,"column":1}},"line":118},"14":{"name":"(anonymous_14)","decl":{"start":{"line":119,"column":9},"end":{"line":119,"column":10}},"loc":{"start":{"line":119,"column":21},"end":{"line":125,"column":3}},"line":119},"15":{"name":"remove","decl":{"start":{"line":129,"column":16},"end":{"line":129,"column":22}},"loc":{"start":{"line":129,"column":34},"end":{"line":137,"column":1}},"line":129},"16":{"name":"(anonymous_16)","decl":{"start":{"line":130,"column":9},"end":{"line":130,"column":10}},"loc":{"start":{"line":130,"column":21},"end":{"line":136,"column":3}},"line":130}},"branchMap":{"0":{"loc":{"start":{"line":19,"column":24},"end":{"line":19,"column":40}},"type":"default-arg","locations":[{"start":{"line":19,"column":34},"end":{"line":19,"column":40}}],"line":19},"1":{"loc":{"start":{"line":19,"column":42},"end":{"line":19,"column":58}},"type":"default-arg","locations":[{"start":{"line":19,"column":54},"end":{"line":19,"column":58}}],"line":19},"2":{"loc":{"start":{"line":33,"column":8},"end":{"line":42,"column":9}},"type":"if","locations":[{"start":{"line":33,"column":8},"end":{"line":42,"column":9}},{"start":{"line":33,"column":8},"end":{"line":42,"column":9}}],"line":33},"3":{"loc":{"start":{"line":55,"column":26},"end":{"line":55,"column":42}},"type":"default-arg","locations":[{"start":{"line":55,"column":38},"end":{"line":55,"column":42}}],"line":55},"4":{"loc":{"start":{"line":98,"column":2},"end":{"line":103,"column":3}},"type":"if","locations":[{"start":{"line":98,"column":2},"end":{"line":103,"column":3}},{"start":{"line":98,"column":2},"end":{"line":103,"column":3}}],"line":98}},"s":{"0":1,"1":1,"2":1,"3":1,"4":1,"5":1,"6":0,"7":0,"8":0,"9":0,"10":0,"11":0,"12":0,"13":0,"14":0,"15":0,"16":0,"17":0,"18":0,"19":0,"20":0,"21":0,"22":0,"23":0,"24":0,"25":0,"26":0,"27":0,"28":0,"29":0},"f":{"0":0,"1":0,"2":0,"3":0,"4":0,"5":0,"6":0,"7":0,"8":0,"9":0,"10":0,"11":0,"12":0,"13":0,"14":0,"15":0,"16":0},"b":{"0":[0],"1":[0],"2":[0,0],"3":[0],"4":[0,0]},"_coverageSchema":"1a1c01bbd47fc00a2c39e90264f33305004495a9","hash":"e3532abad0c66cee589de1eeec5500a612df08b7"}
,"/Users/kylewong/turing/4module/Crate-group/code/web/src/modules/pages/Home.js": {"path":"/Users/kylewong/turing/4module/Crate-group/code/web/src/modules/pages/Home.js","statementMap":{"0":{"start":{"line":22,"column":13},"end":{"line":63,"column":1}},"1":{"start":{"line":23,"column":2},"end":{"line":62,"column":8}},"2":{"start":{"line":66,"column":0},"end":{"line":68,"column":1}},"3":{"start":{"line":72,"column":2},"end":{"line":74,"column":3}}},"fnMap":{"0":{"name":"(anonymous_0)","decl":{"start":{"line":22,"column":13},"end":{"line":22,"column":14}},"loc":{"start":{"line":23,"column":2},"end":{"line":62,"column":8}},"line":23},"1":{"name":"homeState","decl":{"start":{"line":71,"column":9},"end":{"line":71,"column":18}},"loc":{"start":{"line":71,"column":26},"end":{"line":75,"column":1}},"line":71}},"branchMap":{"0":{"loc":{"start":{"line":49,"column":10},"end":{"line":55,"column":21}},"type":"cond-expr","locations":[{"start":{"line":50,"column":14},"end":{"line":52,"column":21}},{"start":{"line":53,"column":14},"end":{"line":55,"column":21}}],"line":49}},"s":{"0":1,"1":0,"2":1,"3":0},"f":{"0":0,"1":0},"b":{"0":[0,0]},"_coverageSchema":"1a1c01bbd47fc00a2c39e90264f33305004495a9","hash":"f29337831224c64eacd84f8d6c759c4d51637865"}
,"/Users/kylewong/turing/4module/Crate-group/code/web/src/modules/pages/HowItWorks.js": {"path":"/Users/kylewong/turing/4module/Crate-group/code/web/src/modules/pages/HowItWorks.js","statementMap":{"0":{"start":{"line":22,"column":19},"end":{"line":94,"column":1}},"1":{"start":{"line":23,"column":2},"end":{"line":93,"column":8}},"2":{"start":{"line":97,"column":0},"end":{"line":99,"column":1}},"3":{"start":{"line":103,"column":2},"end":{"line":105,"column":3}}},"fnMap":{"0":{"name":"(anonymous_0)","decl":{"start":{"line":22,"column":19},"end":{"line":22,"column":20}},"loc":{"start":{"line":23,"column":2},"end":{"line":93,"column":8}},"line":23},"1":{"name":"howItWorksState","decl":{"start":{"line":102,"column":9},"end":{"line":102,"column":24}},"loc":{"start":{"line":102,"column":32},"end":{"line":106,"column":1}},"line":102}},"branchMap":{"0":{"loc":{"start":{"line":83,"column":10},"end":{"line":89,"column":21}},"type":"cond-expr","locations":[{"start":{"line":84,"column":14},"end":{"line":86,"column":21}},{"start":{"line":87,"column":14},"end":{"line":89,"column":21}}],"line":83}},"s":{"0":1,"1":0,"2":1,"3":0},"f":{"0":0,"1":0},"b":{"0":[0,0]},"_coverageSchema":"1a1c01bbd47fc00a2c39e90264f33305004495a9","hash":"eb7e9b9649699fbf9fa1c4174438cade74676ca6"}
,"/Users/kylewong/turing/4module/Crate-group/code/web/src/modules/pages/Men.js": {"path":"/Users/kylewong/turing/4module/Crate-group/code/web/src/modules/pages/Men.js","statementMap":{"0":{"start":{"line":21,"column":12},"end":{"line":71,"column":1}},"1":{"start":{"line":22,"column":2},"end":{"line":70,"column":9}},"2":{"start":{"line":74,"column":0},"end":{"line":76,"column":1}},"3":{"start":{"line":80,"column":2},"end":{"line":82,"column":3}}},"fnMap":{"0":{"name":"(anonymous_0)","decl":{"start":{"line":21,"column":12},"end":{"line":21,"column":13}},"loc":{"start":{"line":22,"column":2},"end":{"line":70,"column":9}},"line":22},"1":{"name":"menState","decl":{"start":{"line":79,"column":9},"end":{"line":79,"column":17}},"loc":{"start":{"line":79,"column":25},"end":{"line":83,"column":1}},"line":79}},"branchMap":{"0":{"loc":{"start":{"line":61,"column":8},"end":{"line":67,"column":19}},"type":"cond-expr","locations":[{"start":{"line":62,"column":12},"end":{"line":64,"column":19}},{"start":{"line":65,"column":12},"end":{"line":67,"column":19}}],"line":61}},"s":{"0":1,"1":0,"2":1,"3":0},"f":{"0":0,"1":0},"b":{"0":[0,0]},"_coverageSchema":"1a1c01bbd47fc00a2c39e90264f33305004495a9","hash":"50143b922c741789b86c8ffd33f710d4bb4f4e6c"}
,"/Users/kylewong/turing/4module/Crate-group/code/web/src/modules/pages/Onboarding.js": {"path":"/Users/kylewong/turing/4module/Crate-group/code/web/src/modules/pages/Onboarding.js","statementMap":{"0":{"start":{"line":19,"column":4},"end":{"line":19,"column":16}},"1":{"start":{"line":21,"column":4},"end":{"line":24,"column":5}},"2":{"start":{"line":28,"column":23},"end":{"line":28,"column":64}},"3":{"start":{"line":29,"column":4},"end":{"line":33,"column":5}},"4":{"start":{"line":30,"column":6},"end":{"line":30,"column":30}},"5":{"start":{"line":32,"column":6},"end":{"line":32,"column":50}},"6":{"start":{"line":36,"column":18},"end":{"line":40,"column":3}},"7":{"start":{"line":37,"column":4},"end":{"line":39,"column":6}},"8":{"start":{"line":42,"column":13},"end":{"line":46,"column":3}},"9":{"start":{"line":43,"column":4},"end":{"line":45,"column":7}},"10":{"start":{"line":43,"column":28},"end":{"line":45,"column":5}},"11":{"start":{"line":48,"column":10},"end":{"line":50,"column":3}},"12":{"start":{"line":49,"column":4},"end":{"line":49,"column":29}},"13":{"start":{"line":53,"column":18},"end":{"line":116,"column":5}},"14":{"start":{"line":118,"column":4},"end":{"line":125,"column":5}}},"fnMap":{"0":{"name":"(anonymous_0)","decl":{"start":{"line":18,"column":2},"end":{"line":18,"column":3}},"loc":{"start":{"line":18,"column":21},"end":{"line":25,"column":3}},"line":18},"1":{"name":"(anonymous_1)","decl":{"start":{"line":27,"column":2},"end":{"line":27,"column":3}},"loc":{"start":{"line":27,"column":22},"end":{"line":34,"column":3}},"line":27},"2":{"name":"(anonymous_2)","decl":{"start":{"line":36,"column":18},"end":{"line":36,"column":19}},"loc":{"start":{"line":36,"column":31},"end":{"line":40,"column":3}},"line":36},"3":{"name":"(anonymous_3)","decl":{"start":{"line":42,"column":13},"end":{"line":42,"column":14}},"loc":{"start":{"line":42,"column":19},"end":{"line":46,"column":3}},"line":42},"4":{"name":"(anonymous_4)","decl":{"start":{"line":43,"column":18},"end":{"line":43,"column":19}},"loc":{"start":{"line":43,"column":28},"end":{"line":45,"column":5}},"line":43},"5":{"name":"(anonymous_5)","decl":{"start":{"line":48,"column":10},"end":{"line":48,"column":11}},"loc":{"start":{"line":48,"column":16},"end":{"line":50,"column":3}},"line":48},"6":{"name":"(anonymous_6)","decl":{"start":{"line":52,"column":2},"end":{"line":52,"column":3}},"loc":{"start":{"line":52,"column":11},"end":{"line":126,"column":3}},"line":52}},"branchMap":{"0":{"loc":{"start":{"line":29,"column":4},"end":{"line":33,"column":5}},"type":"if","locations":[{"start":{"line":29,"column":4},"end":{"line":33,"column":5}},{"start":{"line":29,"column":4},"end":{"line":33,"column":5}}],"line":29}},"s":{"0":0,"1":0,"2":0,"3":0,"4":0,"5":0,"6":0,"7":0,"8":0,"9":0,"10":0,"11":0,"12":0,"13":0,"14":0},"f":{"0":0,"1":0,"2":0,"3":0,"4":0,"5":0,"6":0},"b":{"0":[0,0]},"_coverageSchema":"1a1c01bbd47fc00a2c39e90264f33305004495a9","hash":"62a65dd200c0bc7df590d015aec1ddd0fab8867b"}
,"/Users/kylewong/turing/4module/Crate-group/code/web/src/modules/pages/WhatsNew.js": {"path":"/Users/kylewong/turing/4module/Crate-group/code/web/src/modules/pages/WhatsNew.js","statementMap":{"0":{"start":{"line":28,"column":4},"end":{"line":28,"column":43}},"1":{"start":{"line":33,"column":4},"end":{"line":33,"column":31}},"2":{"start":{"line":37,"column":32},"end":{"line":37,"column":51}},"3":{"start":{"line":39,"column":4},"end":{"line":90,"column":5}},"4":{"start":{"line":63,"column":20},"end":{"line":65,"column":31}},"5":{"start":{"line":95,"column":0},"end":{"line":99,"column":1}},"6":{"start":{"line":103,"column":2},"end":{"line":106,"column":3}}},"fnMap":{"0":{"name":"(anonymous_0)","decl":{"start":{"line":27,"column":2},"end":{"line":27,"column":3}},"loc":{"start":{"line":27,"column":30},"end":{"line":29,"column":3}},"line":27},"1":{"name":"(anonymous_1)","decl":{"start":{"line":32,"column":2},"end":{"line":32,"column":3}},"loc":{"start":{"line":32,"column":22},"end":{"line":34,"column":3}},"line":32},"2":{"name":"(anonymous_2)","decl":{"start":{"line":36,"column":2},"end":{"line":36,"column":3}},"loc":{"start":{"line":36,"column":11},"end":{"line":91,"column":3}},"line":36},"3":{"name":"(anonymous_3)","decl":{"start":{"line":62,"column":27},"end":{"line":62,"column":28}},"loc":{"start":{"line":63,"column":20},"end":{"line":65,"column":31}},"line":63},"4":{"name":"whatsNewState","decl":{"start":{"line":102,"column":9},"end":{"line":102,"column":22}},"loc":{"start":{"line":102,"column":30},"end":{"line":107,"column":1}},"line":102}},"branchMap":{"0":{"loc":{"start":{"line":59,"column":12},"end":{"line":67,"column":64}},"type":"cond-expr","locations":[{"start":{"line":60,"column":16},"end":{"line":60,"column":26}},{"start":{"line":61,"column":16},"end":{"line":67,"column":64}}],"line":59},"1":{"loc":{"start":{"line":61,"column":16},"end":{"line":67,"column":64}},"type":"cond-expr","locations":[{"start":{"line":62,"column":18},"end":{"line":66,"column":20}},{"start":{"line":67,"column":18},"end":{"line":67,"column":64}}],"line":61},"2":{"loc":{"start":{"line":61,"column":16},"end":{"line":61,"column":39}},"type":"binary-expr","locations":[{"start":{"line":61,"column":16},"end":{"line":61,"column":20}},{"start":{"line":61,"column":24},"end":{"line":61,"column":39}}],"line":61},"3":{"loc":{"start":{"line":77,"column":14},"end":{"line":85,"column":25}},"type":"cond-expr","locations":[{"start":{"line":78,"column":18},"end":{"line":82,"column":25}},{"start":{"line":83,"column":18},"end":{"line":85,"column":25}}],"line":77}},"s":{"0":0,"1":0,"2":0,"3":0,"4":0,"5":1,"6":0},"f":{"0":0,"1":0,"2":0,"3":0,"4":0},"b":{"0":[0,0],"1":[0,0],"2":[0,0],"3":[0,0]},"_coverageSchema":"1a1c01bbd47fc00a2c39e90264f33305004495a9","hash":"4df6c5b237e3dbe651a1bf54a61e96e7b03c9d75"}
,"/Users/kylewong/turing/4module/Crate-group/code/web/src/modules/pages/Women.js": {"path":"/Users/kylewong/turing/4module/Crate-group/code/web/src/modules/pages/Women.js","statementMap":{"0":{"start":{"line":21,"column":14},"end":{"line":71,"column":1}},"1":{"start":{"line":22,"column":2},"end":{"line":70,"column":9}},"2":{"start":{"line":74,"column":0},"end":{"line":76,"column":1}},"3":{"start":{"line":80,"column":2},"end":{"line":82,"column":3}}},"fnMap":{"0":{"name":"(anonymous_0)","decl":{"start":{"line":21,"column":14},"end":{"line":21,"column":15}},"loc":{"start":{"line":22,"column":2},"end":{"line":70,"column":9}},"line":22},"1":{"name":"womenState","decl":{"start":{"line":79,"column":9},"end":{"line":79,"column":19}},"loc":{"start":{"line":79,"column":27},"end":{"line":83,"column":1}},"line":79}},"branchMap":{"0":{"loc":{"start":{"line":61,"column":8},"end":{"line":67,"column":19}},"type":"cond-expr","locations":[{"start":{"line":62,"column":12},"end":{"line":64,"column":19}},{"start":{"line":65,"column":12},"end":{"line":67,"column":19}}],"line":61}},"s":{"0":1,"1":0,"2":1,"3":0},"f":{"0":0,"1":0},"b":{"0":[0,0]},"_coverageSchema":"1a1c01bbd47fc00a2c39e90264f33305004495a9","hash":"0f17727f840b7b3b38e595af7bb88c7c7ca37d4c"}
,"/Users/kylewong/turing/4module/Crate-group/code/web/src/modules/product/Detail.js": {"path":"/Users/kylewong/turing/4module/Crate-group/code/web/src/modules/product/Detail.js","statementMap":{"0":{"start":{"line":26,"column":4},"end":{"line":26,"column":43}},"1":{"start":{"line":31,"column":4},"end":{"line":31,"column":46}},"2":{"start":{"line":35,"column":4},"end":{"line":37,"column":5}},"3":{"start":{"line":36,"column":6},"end":{"line":36,"column":47}},"4":{"start":{"line":40,"column":12},"end":{"line":42,"column":3}},"5":{"start":{"line":41,"column":4},"end":{"line":41,"column":24}},"6":{"start":{"line":45,"column":39},"end":{"line":45,"column":57}},"7":{"start":{"line":47,"column":4},"end":{"line":106,"column":5}},"8":{"start":{"line":54,"column":18},"end":{"line":101,"column":24}},"9":{"start":{"line":111,"column":0},"end":{"line":114,"column":1}},"10":{"start":{"line":118,"column":2},"end":{"line":120,"column":3}}},"fnMap":{"0":{"name":"(anonymous_0)","decl":{"start":{"line":25,"column":2},"end":{"line":25,"column":3}},"loc":{"start":{"line":25,"column":38},"end":{"line":27,"column":3}},"line":25},"1":{"name":"(anonymous_1)","decl":{"start":{"line":30,"column":2},"end":{"line":30,"column":3}},"loc":{"start":{"line":30,"column":22},"end":{"line":32,"column":3}},"line":30},"2":{"name":"(anonymous_2)","decl":{"start":{"line":34,"column":2},"end":{"line":34,"column":3}},"loc":{"start":{"line":34,"column":39},"end":{"line":38,"column":3}},"line":34},"3":{"name":"(anonymous_3)","decl":{"start":{"line":40,"column":12},"end":{"line":40,"column":13}},"loc":{"start":{"line":40,"column":22},"end":{"line":42,"column":3}},"line":40},"4":{"name":"(anonymous_4)","decl":{"start":{"line":44,"column":2},"end":{"line":44,"column":3}},"loc":{"start":{"line":44,"column":11},"end":{"line":107,"column":3}},"line":44},"5":{"name":"(anonymous_5)","decl":{"start":{"line":53,"column":42},"end":{"line":53,"column":43}},"loc":{"start":{"line":54,"column":18},"end":{"line":101,"column":24}},"line":54},"6":{"name":"detailState","decl":{"start":{"line":117,"column":9},"end":{"line":117,"column":20}},"loc":{"start":{"line":117,"column":28},"end":{"line":121,"column":1}},"line":117}},"branchMap":{"0":{"loc":{"start":{"line":35,"column":4},"end":{"line":37,"column":5}},"type":"if","locations":[{"start":{"line":35,"column":4},"end":{"line":37,"column":5}},{"start":{"line":35,"column":4},"end":{"line":37,"column":5}}],"line":35},"1":{"loc":{"start":{"line":50,"column":10},"end":{"line":103,"column":47}},"type":"cond-expr","locations":[{"start":{"line":51,"column":14},"end":{"line":102,"column":18}},{"start":{"line":103,"column":14},"end":{"line":103,"column":47}}],"line":50},"2":{"loc":{"start":{"line":51,"column":14},"end":{"line":102,"column":18}},"type":"cond-expr","locations":[{"start":{"line":52,"column":16},"end":{"line":52,"column":26}},{"start":{"line":53,"column":16},"end":{"line":102,"column":18}}],"line":51},"3":{"loc":{"start":{"line":53,"column":25},"end":{"line":53,"column":40}},"type":"binary-expr","locations":[{"start":{"line":53,"column":25},"end":{"line":53,"column":29}},{"start":{"line":53,"column":33},"end":{"line":53,"column":40}}],"line":53}},"s":{"0":0,"1":0,"2":0,"3":0,"4":0,"5":0,"6":0,"7":0,"8":0,"9":1,"10":0},"f":{"0":0,"1":0,"2":0,"3":0,"4":0,"5":0,"6":0},"b":{"0":[0,0],"1":[0,0],"2":[0,0],"3":[0,0]},"_coverageSchema":"1a1c01bbd47fc00a2c39e90264f33305004495a9","hash":"79968ab5779cfdc6c4d05afed6f872541f5d9e3c"}
,"/Users/kylewong/turing/4module/Crate-group/code/web/src/modules/product/Item.js": {"path":"/Users/kylewong/turing/4module/Crate-group/code/web/src/modules/product/Item.js","statementMap":{"0":{"start":{"line":15,"column":13},"end":{"line":32,"column":1}},"1":{"start":{"line":17,"column":45},"end":{"line":17,"column":58}},"2":{"start":{"line":19,"column":2},"end":{"line":31,"column":3}},"3":{"start":{"line":35,"column":0},"end":{"line":37,"column":1}}},"fnMap":{"0":{"name":"(anonymous_0)","decl":{"start":{"line":15,"column":13},"end":{"line":15,"column":14}},"loc":{"start":{"line":15,"column":24},"end":{"line":32,"column":1}},"line":15}},"branchMap":{},"s":{"0":1,"1":0,"2":0,"3":1},"f":{"0":0},"b":{},"_coverageSchema":"1a1c01bbd47fc00a2c39e90264f33305004495a9","hash":"512c99b82e677eedbe5979a872b063f4e97d1797"}
,"/Users/kylewong/turing/4module/Crate-group/code/web/src/modules/product/Related.js": {"path":"/Users/kylewong/turing/4module/Crate-group/code/web/src/modules/product/Related.js","statementMap":{"0":{"start":{"line":20,"column":4},"end":{"line":20,"column":38}},"1":{"start":{"line":24,"column":4},"end":{"line":26,"column":5}},"2":{"start":{"line":25,"column":6},"end":{"line":25,"column":39}},"3":{"start":{"line":29,"column":12},"end":{"line":31,"column":3}},"4":{"start":{"line":30,"column":4},"end":{"line":30,"column":47}},"5":{"start":{"line":34,"column":32},"end":{"line":34,"column":58}},"6":{"start":{"line":36,"column":4},"end":{"line":55,"column":5}},"7":{"start":{"line":45,"column":20},"end":{"line":47,"column":31}},"8":{"start":{"line":60,"column":0},"end":{"line":64,"column":1}},"9":{"start":{"line":68,"column":2},"end":{"line":70,"column":3}}},"fnMap":{"0":{"name":"(anonymous_0)","decl":{"start":{"line":19,"column":2},"end":{"line":19,"column":3}},"loc":{"start":{"line":19,"column":22},"end":{"line":21,"column":3}},"line":19},"1":{"name":"(anonymous_1)","decl":{"start":{"line":23,"column":2},"end":{"line":23,"column":3}},"loc":{"start":{"line":23,"column":39},"end":{"line":27,"column":3}},"line":23},"2":{"name":"(anonymous_2)","decl":{"start":{"line":29,"column":12},"end":{"line":29,"column":13}},"loc":{"start":{"line":29,"column":27},"end":{"line":31,"column":3}},"line":29},"3":{"name":"(anonymous_3)","decl":{"start":{"line":33,"column":2},"end":{"line":33,"column":3}},"loc":{"start":{"line":33,"column":11},"end":{"line":56,"column":3}},"line":33},"4":{"name":"(anonymous_4)","decl":{"start":{"line":44,"column":27},"end":{"line":44,"column":28}},"loc":{"start":{"line":45,"column":20},"end":{"line":47,"column":31}},"line":45},"5":{"name":"relatedState","decl":{"start":{"line":67,"column":9},"end":{"line":67,"column":21}},"loc":{"start":{"line":67,"column":29},"end":{"line":71,"column":1}},"line":67}},"branchMap":{"0":{"loc":{"start":{"line":24,"column":4},"end":{"line":26,"column":5}},"type":"if","locations":[{"start":{"line":24,"column":4},"end":{"line":26,"column":5}},{"start":{"line":24,"column":4},"end":{"line":26,"column":5}}],"line":24},"1":{"loc":{"start":{"line":41,"column":12},"end":{"line":51,"column":29}},"type":"cond-expr","locations":[{"start":{"line":42,"column":16},"end":{"line":42,"column":27}},{"start":{"line":43,"column":16},"end":{"line":51,"column":29}}],"line":41},"2":{"loc":{"start":{"line":43,"column":16},"end":{"line":51,"column":29}},"type":"cond-expr","locations":[{"start":{"line":44,"column":18},"end":{"line":48,"column":20}},{"start":{"line":49,"column":18},"end":{"line":51,"column":29}}],"line":43}},"s":{"0":0,"1":0,"2":0,"3":0,"4":0,"5":0,"6":0,"7":0,"8":1,"9":0},"f":{"0":0,"1":0,"2":0,"3":0,"4":0,"5":0},"b":{"0":[0,0],"1":[0,0],"2":[0,0]},"_coverageSchema":"1a1c01bbd47fc00a2c39e90264f33305004495a9","hash":"54326481c70da32e6b187128478ba5423e624ea2"}
,"/Users/kylewong/turing/4module/Crate-group/code/web/src/modules/product/api/actions.js": {"path":"/Users/kylewong/turing/4module/Crate-group/code/web/src/modules/product/api/actions.js","statementMap":{"0":{"start":{"line":9,"column":41},"end":{"line":9,"column":68}},"1":{"start":{"line":10,"column":42},"end":{"line":10,"column":70}},"2":{"start":{"line":11,"column":41},"end":{"line":11,"column":68}},"3":{"start":{"line":12,"column":39},"end":{"line":12,"column":64}},"4":{"start":{"line":13,"column":36},"end":{"line":13,"column":58}},"5":{"start":{"line":14,"column":37},"end":{"line":14,"column":60}},"6":{"start":{"line":15,"column":36},"end":{"line":15,"column":58}},"7":{"start":{"line":16,"column":49},"end":{"line":16,"column":84}},"8":{"start":{"line":17,"column":50},"end":{"line":17,"column":86}},"9":{"start":{"line":18,"column":49},"end":{"line":18,"column":84}},"10":{"start":{"line":24,"column":2},"end":{"line":58,"column":3}},"11":{"start":{"line":25,"column":4},"end":{"line":29,"column":6}},"12":{"start":{"line":31,"column":4},"end":{"line":57,"column":8}},"13":{"start":{"line":36,"column":8},"end":{"line":49,"column":9}},"14":{"start":{"line":37,"column":10},"end":{"line":42,"column":12}},"15":{"start":{"line":44,"column":10},"end":{"line":48,"column":12}},"16":{"start":{"line":52,"column":8},"end":{"line":56,"column":10}},"17":{"start":{"line":63,"column":2},"end":{"line":105,"column":3}},"18":{"start":{"line":64,"column":4},"end":{"line":67,"column":6}},"19":{"start":{"line":69,"column":4},"end":{"line":104,"column":8}},"20":{"start":{"line":75,"column":8},"end":{"line":96,"column":9}},"21":{"start":{"line":76,"column":10},"end":{"line":89,"column":11}},"22":{"start":{"line":77,"column":12},"end":{"line":81,"column":14}},"23":{"start":{"line":83,"column":12},"end":{"line":88,"column":14}},"24":{"start":{"line":91,"column":10},"end":{"line":95,"column":12}},"25":{"start":{"line":99,"column":8},"end":{"line":103,"column":10}},"26":{"start":{"line":110,"column":2},"end":{"line":116,"column":3}},"27":{"start":{"line":111,"column":4},"end":{"line":115,"column":7}},"28":{"start":{"line":121,"column":2},"end":{"line":161,"column":3}},"29":{"start":{"line":122,"column":16},"end":{"line":122,"column":26}},"30":{"start":{"line":124,"column":4},"end":{"line":160,"column":5}},"31":{"start":{"line":125,"column":6},"end":{"line":129,"column":8}},"32":{"start":{"line":131,"column":6},"end":{"line":159,"column":10}},"33":{"start":{"line":137,"column":10},"end":{"line":151,"column":11}},"34":{"start":{"line":138,"column":12},"end":{"line":144,"column":14}},"35":{"start":{"line":146,"column":12},"end":{"line":150,"column":14}},"36":{"start":{"line":154,"column":10},"end":{"line":158,"column":12}},"37":{"start":{"line":166,"column":2},"end":{"line":171,"column":3}},"38":{"start":{"line":167,"column":4},"end":{"line":167,"column":26}},"39":{"start":{"line":169,"column":4},"end":{"line":169,"column":21}},"40":{"start":{"line":170,"column":4},"end":{"line":170,"column":26}},"41":{"start":{"line":176,"column":2},"end":{"line":182,"column":3}},"42":{"start":{"line":177,"column":4},"end":{"line":181,"column":7}},"43":{"start":{"line":187,"column":2},"end":{"line":193,"column":3}},"44":{"start":{"line":188,"column":4},"end":{"line":192,"column":7}},"45":{"start":{"line":198,"column":2},"end":{"line":204,"column":3}},"46":{"start":{"line":199,"column":4},"end":{"line":203,"column":7}},"47":{"start":{"line":209,"column":2},"end":{"line":214,"column":3}},"48":{"start":{"line":210,"column":4},"end":{"line":213,"column":7}}},"fnMap":{"0":{"name":"getList","decl":{"start":{"line":23,"column":16},"end":{"line":23,"column":23}},"loc":{"start":{"line":23,"column":64},"end":{"line":59,"column":1}},"line":23},"1":{"name":"(anonymous_1)","decl":{"start":{"line":24,"column":9},"end":{"line":24,"column":10}},"loc":{"start":{"line":24,"column":21},"end":{"line":58,"column":3}},"line":24},"2":{"name":"(anonymous_2)","decl":{"start":{"line":35,"column":12},"end":{"line":35,"column":13}},"loc":{"start":{"line":35,"column":24},"end":{"line":50,"column":7}},"line":35},"3":{"name":"(anonymous_3)","decl":{"start":{"line":51,"column":13},"end":{"line":51,"column":14}},"loc":{"start":{"line":51,"column":22},"end":{"line":57,"column":7}},"line":51},"4":{"name":"get","decl":{"start":{"line":62,"column":16},"end":{"line":62,"column":19}},"loc":{"start":{"line":62,"column":44},"end":{"line":106,"column":1}},"line":62},"5":{"name":"(anonymous_5)","decl":{"start":{"line":63,"column":9},"end":{"line":63,"column":10}},"loc":{"start":{"line":63,"column":21},"end":{"line":105,"column":3}},"line":63},"6":{"name":"(anonymous_6)","decl":{"start":{"line":74,"column":12},"end":{"line":74,"column":13}},"loc":{"start":{"line":74,"column":24},"end":{"line":97,"column":7}},"line":74},"7":{"name":"(anonymous_7)","decl":{"start":{"line":98,"column":13},"end":{"line":98,"column":14}},"loc":{"start":{"line":98,"column":22},"end":{"line":104,"column":7}},"line":98},"8":{"name":"getById","decl":{"start":{"line":109,"column":16},"end":{"line":109,"column":23}},"loc":{"start":{"line":109,"column":35},"end":{"line":117,"column":1}},"line":109},"9":{"name":"(anonymous_9)","decl":{"start":{"line":110,"column":9},"end":{"line":110,"column":10}},"loc":{"start":{"line":110,"column":21},"end":{"line":116,"column":3}},"line":110},"10":{"name":"getRelatedList","decl":{"start":{"line":120,"column":16},"end":{"line":120,"column":30}},"loc":{"start":{"line":120,"column":60},"end":{"line":162,"column":1}},"line":120},"11"
[...]
,"/Users/kylewong/turing/4module/Crate-group/code/web/src/ui/icon/index.js": {"path":"/Users/kylewong/turing/4module/Crate-group/code/web/src/ui/icon/index.js","statementMap":{},"fnMap":{},"branchMap":{},"s":{},"f":{},"b":{},"_coverageSchema":"1a1c01bbd47fc00a2c39e90264f33305004495a9","hash":"bf7626ef87df7241ff0308812295de5e546bafb7"}
,"/Users/kylewong/turing/4module/Crate-group/code/web/src/ui/image/Tile.js": {"path":"/Users/kylewong/turing/4module/Crate-group/code/web/src/ui/image/Tile.js","statementMap":{"0":{"start":{"line":6,"column":13},"end":{"line":23,"column":1}},"1":{"start":{"line":7,"column":71},"end":{"line":7,"column":76}},"2":{"start":{"line":9,"column":2},"end":{"line":22,"column":3}},"3":{"start":{"line":26,"column":0},"end":{"line":32,"column":1}},"4":{"start":{"line":33,"column":0},"end":{"line":37,"column":1}}},"fnMap":{"0":{"name":"(anonymous_0)","decl":{"start":{"line":6,"column":13},"end":{"line":6,"column":14}},"loc":{"start":{"line":6,"column":24},"end":{"line":23,"column":1}},"line":6}},"branchMap":{"0":{"loc":{"start":{"line":18,"column":25},"end":{"line":18,"column":49}},"type":"cond-expr","locations":[{"start":{"line":18,"column":34},"end":{"line":18,"column":40}},{"start":{"line":18,"column":43},"end":{"line":18,"column":49}}],"line":18},"1":{"loc":{"start":{"line":18,"column":25},"end":{"line":18,"column":49}},"type":"cond-expr","locations":[{"start":{},"end":{}},{"start":{},"end":{}}],"line":18},"2":{"loc":{"start":{"line":18,"column":25},"end":{"line":18,"column":49}},"type":"cond-expr","locations":[{"start":{"line":18,"column":34},"end":{"line":18,"column":40}},{"start":{"line":18,"column":43},"end":{"line":18,"column":49}}],"line":18}},"s":{"0":1,"1":0,"2":0,"3":1,"4":1},"f":{"0":0},"b":{"0":[0,0],"1":[0,0],"2":[0,0]},"_coverageSchema":"1a1c01bbd47fc00a2c39e90264f33305004495a9","hash":"ecae7598d14be051ce06d4d96c65af34b7678397"}
,"/Users/kylewong/turing/4module/Crate-group/code/web/src/ui/input/File.js": {"path":"/Users/kylewong/turing/4module/Crate-group/code/web/src/ui/input/File.js","statementMap":{"0":{"start":{"line":12,"column":13},"end":{"line":76,"column":1}},"1":{"start":{"line":13,"column":42},"end":{"line":13,"column":47}},"2":{"start":{"line":15,"column":2},"end":{"line":75,"column":3}},"3":{"start":{"line":79,"column":0},"end":{"line":83,"column":1}},"4":{"start":{"line":84,"column":0},"end":{"line":88,"column":1}}},"fnMap":{"0":{"name":"(anonymous_0)","decl":{"start":{"line":12,"column":13},"end":{"line":12,"column":14}},"loc":{"start":{"line":12,"column":24},"end":{"line":76,"column":1}},"line":12}},"branchMap":{},"s":{"0":1,"1":0,"2":0,"3":1,"4":1},"f":{"0":0},"b":{},"_coverageSchema":"1a1c01bbd47fc00a2c39e90264f33305004495a9","hash":"bb9e40d1210c4b79d88b5111ebf0a83ce06ee015"}
,"/Users/kylewong/turing/4module/Crate-group/code/web/src/ui/input/Input.js": {"path":"/Users/kylewong/turing/4module/Crate-group/code/web/src/ui/input/Input.js","statementMap":{"0":{"start":{"line":9,"column":14},"end":{"line":38,"column":1}},"1":{"start":{"line":10,"column":40},"end":{"line":10,"column":45}},"2":{"start":{"line":12,"column":2},"end":{"line":37,"column":3}},"3":{"start":{"line":41,"column":0},"end":{"line":44,"column":1}},"4":{"start":{"line":45,"column":0},"end":{"line":48,"column":1}}},"fnMap":{"0":{"name":"(anonymous_0)","decl":{"start":{"line":9,"column":14},"end":{"line":9,"column":15}},"loc":{"start":{"line":9,"column":25},"end":{"line":38,"column":1}},"line":9}},"branchMap":{"0":{"loc":{"start":{"line":27,"column":20},"end":{"line":27,"column":47}},"type":"cond-expr","locations":[{"start":{"line":27,"column":32},"end":{"line":27,"column":38}},{"start":{"line":27,"column":41},"end":{"line":27,"column":47}}],"line":27},"1":{"loc":{"start":{"line":27,"column":20},"end":{"line":27,"column":47}},"type":"cond-expr","locations":[{"start":{},"end":{}},{"start":{},"end":{}}],"line":27},"2":{"loc":{"start":{"line":27,"column":20},"end":{"line":27,"column":47}},"type":"cond-expr","locations":[{"start":{},"end":{}},{"start":{},"end":{}}],"line":27},"3":{"loc":{"start":{"line":27,"column":20},"end":{"line":27,"column":47}},"type":"cond-expr","locations":[{"start":{"line":27,"column":32},"end":{"line":27,"column":38}},{"start":{"line":27,"column":41},"end":{"line":27,"column":47}}],"line":27}},"s":{"0":1,"1":0,"2":0,"3":1,"4":1},"f":{"0":0},"b":{"0":[0,0],"1":[0,0],"2":[0,0],"3":[0,0]},"_coverageSchema":"1a1c01bbd47fc00a2c39e90264f33305004495a9","hash":"9f913c26f05fb786189ba069e6d5e35eb6f3330a"}
,"/Users/kylewong/turing/4module/Crate-group/code/web/src/ui/input/Select.js": {"path":"/Users/kylewong/turing/4module/Crate-group/code/web/src/ui/input/Select.js","statementMap":{"0":{"start":{"line":9,"column":14},"end":{"line":40,"column":1}},"1":{"start":{"line":10,"column":44},"end":{"line":10,"column":49}},"2":{"start":{"line":12,"column":2},"end":{"line":39,"column":3}},"3":{"start":{"line":43,"column":0},"end":{"line":46,"column":1}},"4":{"start":{"line":47,"column":0},"end":{"line":50,"column":1}}},"fnMap":{"0":{"name":"(anonymous_0)","decl":{"start":{"line":9,"column":14},"end":{"line":9,"column":15}},"loc":{"start":{"line":9,"column":25},"end":{"line":40,"column":1}},"line":9}},"branchMap":{"0":{"loc":{"start":{"line":27,"column":20},"end":{"line":27,"column":47}},"type":"cond-expr","locations":[{"start":{"line":27,"column":32},"end":{"line":27,"column":38}},{"start":{"line":27,"column":41},"end":{"line":27,"column":47}}],"line":27},"1":{"loc":{"start":{"line":27,"column":20},"end":{"line":27,"column":47}},"type":"cond-expr","locations":[{"start":{},"end":{}},{"start":{},"end":{}}],"line":27},"2":{"loc":{"start":{"line":27,"column":20},"end":{"line":27,"column":47}},"type":"cond-expr","locations":[{"start":{},"end":{}},{"start":{},"end":{}}],"line":27},"3":{"loc":{"start":{"line":27,"column":20},"end":{"line":27,"column":47}},"type":"cond-expr","locations":[{"start":{"line":27,"column":32},"end":{"line":27,"column":38}},{"start":{"line":27,"column":41},"end":{"line":27,"column":47}}],"line":27}},"s":{"0":1,"1":0,"2":0,"3":1,"4":1},"f":{"0":0},"b":{"0":[0,0],"1":[0,0],"2":[0,0],"3":[0,0]},"_coverageSchema":"1a1c01bbd47fc00a2c39e90264f33305004495a9","hash":"58f0d30d320fe57eeafc7fe68e0902d2464717d5"}
,"/Users/kylewong/turing/4module/Crate-group/code/web/src/ui/input/Textarea.js": {"path":"/Users/kylewong/turing/4module/Crate-group/code/web/src/ui/input/Textarea.js","statementMap":{"0":{"start":{"line":9,"column":17},"end":{"line":38,"column":1}},"1":{"start":{"line":10,"column":44},"end":{"line":10,"column":49}},"2":{"start":{"line":12,"column":2},"end":{"line":37,"column":3}},"3":{"start":{"line":41,"column":0},"end":{"line":43,"column":1}},"4":{"start":{"line":44,"column":0},"end":{"line":46,"column":1}}},"fnMap":{"0":{"name":"(anonymous_0)","decl":{"start":{"line":9,"column":17},"end":{"line":9,"column":18}},"loc":{"start":{"line":9,"column":28},"end":{"line":38,"column":1}},"line":9}},"branchMap":{"0":{"loc":{"start":{"line":27,"column":20},"end":{"line":27,"column":47}},"type":"cond-expr","locations":[{"start":{"line":27,"column":32},"end":{"line":27,"column":38}},{"start":{"line":27,"column":41},"end":{"line":27,"column":47}}],"line":27},"1":{"loc":{"start":{"line":27,"column":20},"end":{"line":27,"column":47}},"type":"cond-expr","locations":[{"start":{},"end":{}},{"start":{},"end":{}}],"line":27},"2":{"loc":{"start":{"line":27,"column":20},"end":{"line":27,"column":47}},"type":"cond-expr","locations":[{"start":{},"end":{}},{"start":{},"end":{}}],"line":27},"3":{"loc":{"start":{"line":27,"column":20},"end":{"line":27,"column":47}},"type":"cond-expr","locations":[{"start":{"line":27,"column":32},"end":{"line":27,"column":38}},{"start":{"line":27,"column":41},"end":{"line":27,"column":47}}],"line":27}},"s":{"0":1,"1":0,"2":0,"3":1,"4":1},"f":{"0":0},"b":{"0":[0,0],"1":[0,0],"2":[0,0],"3":[0,0]},"_coverageSchema":"1a1c01bbd47fc00a2c39e90264f33305004495a9","hash":"e9b773c6391da475f7a59a505a41364e0cb90918"}
,"/Users/kylewong/turing/4module/Crate-group/code/web/src/ui/input/index.js": {"path":"/Users/kylewong/turing/4module/Crate-group/code/web/src/ui/input/index.js","statementMap":{},"fnMap":{},"branchMap":{},"s":{},"f":{},"b":{},"_coverageSchema":"1a1c01bbd47fc00a2c39e90264f33305004495a9","hash":"2f533aec89cdda06f1ec33a309f2ec3729b54ae6"}
,"/Users/kylewong/turing/4module/Crate-group/code/web/src/ui/modal/Modal.js": {"path":"/Users/kylewong/turing/4module/Crate-group/code/web/src/ui/modal/Modal.js","statementMap":{"0":{"start":{"line":6,"column":14},"end":{"line":36,"column":1}},"1":{"start":{"line":7,"column":42},"end":{"line":7,"column":47}},"2":{"start":{"line":9,"column":2},"end":{"line":35,"column":3}},"3":{"start":{"line":39,"column":0},"end":{"line":41,"column":1}},"4":{"start":{"line":42,"column":0},"end":{"line":44,"column":1}}},"fnMap":{"0":{"name":"(anonymous_0)","decl":{"start":{"line":6,"column":14},"end":{"line":6,"column":15}},"loc":{"start":{"line":6,"column":25},"end":{"line":36,"column":1}},"line":6}},"branchMap":{"0":{"loc":{"start":{"line":17,"column":19},"end":{"line":17,"column":49}},"type":"cond-expr","locations":[{"start":{"line":17,"column":29},"end":{"line":17,"column":38}},{"start":{"line":17,"column":41},"end":{"line":17,"column":49}}],"line":17},"1":{"loc":{"start":{"line":18,"column":16},"end":{"line":18,"column":31}},"type":"cond-expr","locations":[{"start":{"line":18,"column":26},"end":{"line":18,"column":27}},{"start":{"line":18,"column":30},"end":{"line":18,"column":31}}],"line":18}},"s":{"0":1,"1":0,"2":0,"3":1,"4":1},"f":{"0":0},"b":{"0":[0,0],"1":[0,0]},"_coverageSchema":"1a1c01bbd47fc00a2c39e90264f33305004495a9","hash":"46d97afae1e5223c835eb9d8269322b4112c3ac4"}
,"/Users/kylewong/turing/4module/Crate-group/code/web/src/ui/typography/H1.js": {"path":"/Users/kylewong/turing/4module/Crate-group/code/web/src/ui/typography/H1.js","statementMap":{"0":{"start":{"line":9,"column":11},"end":{"line":25,"column":1}},"1":{"start":{"line":10,"column":40},"end":{"line":10,"column":45}},"2":{"start":{"line":12,"column":2},"end":{"line":24,"column":3}},"3":{"start":{"line":28,"column":0},"end":{"line":30,"column":1}},"4":{"start":{"line":31,"column":0},"end":{"line":33,"column":1}}},"fnMap":{"0":{"name":"(anonymous_0)","decl":{"start":{"line":9,"column":11},"end":{"line":9,"column":12}},"loc":{"start":{"line":9,"column":22},"end":{"line":25,"column":1}},"line":9}},"branchMap":{"0":{"loc":{"start":{"line":19,"column":26},"end":{"line":19,"column":66}},"type":"cond-expr","locations":[{"start":{"line":19,"column":47},"end":{"line":19,"column":54}},{"start":{"line":19,"column":57},"end":{"line":19,"column":66}}],"line":19},"1":{"loc":{"start":{"line":19,"column":26},"end":{"line":19,"column":66}},"type":"cond-expr","locations":[{"start":{},"end":{}},{"start":{},"end":{}}],"line":19},"2":{"loc":{"start":{"line":19,"column":26},"end":{"line":19,"column":66}},"type":"cond-expr","locations":[{"start":{"line":19,"column":47},"end":{"line":19,"column":54}},{"start":{"line":19,"column":57},"end":{"line":19,"column":66}}],"line":19}},"s":{"0":1,"1":0,"2":0,"3":1,"4":1},"f":{"0":0},"b":{"0":[0,0],"1":[0,0],"2":[0,0]},"_coverageSchema":"1a1c01bbd47fc00a2c39e90264f33305004495a9","hash":"1bdac77f1b163830231ce60f85e482236146e4e9"}
,"/Users/kylewong/turing/4module/Crate-group/code/web/src/ui/typography/H2.js": {"path":"/Users/kylewong/turing/4module/Crate-group/code/web/src/ui/typography/H2.js","statementMap":{"0":{"start":{"line":9,"column":11},"end":{"line":25,"column":1}},"1":{"start":{"line":10,"column":40},"end":{"line":10,"column":45}},"2":{"start":{"line":12,"column":2},"end":{"line":24,"column":3}},"3":{"start":{"line":28,"column":0},"end":{"line":30,"column":1}},"4":{"start":{"line":31,"column":0},"end":{"line":33,"column":1}}},"fnMap":{"0":{"name":"(anonymous_0)","decl":{"start":{"line":9,"column":11},"end":{"line":9,"column":12}},"loc":{"start":{"line":9,"column":22},"end":{"line":25,"column":1}},"line":9}},"branchMap":{"0":{"loc":{"start":{"line":19,"column":26},"end":{"line":19,"column":66}},"type":"cond-expr","locations":[{"start":{"line":19,"column":47},"end":{"line":19,"column":54}},{"start":{"line":19,"column":57},"end":{"line":19,"column":66}}],"line":19},"1":{"loc":{"start":{"line":19,"column":26},"end":{"line":19,"column":66}},"type":"cond-expr","locations":[{"start":{},"end":{}},{"start":{},"end":{}}],"line":19},"2":{"loc":{"start":{"line":19,"column":26},"end":{"line":19,"column":66}},"type":"cond-expr","locations":[{"start":{"line":19,"column":47},"end":{"line":19,"column":54}},{"start":{"line":19,"column":57},"end":{"line":19,"column":66}}],"line":19}},"s":{"0":1,"1":0,"2":0,"3":1,"4":1},"f":{"0":0},"b":{"0":[0,0],"1":[0,0],"2":[0,0]},"_coverageSchema":"1a1c01bbd47fc00a2c39e90264f33305004495a9","hash":"6c401fbb205920a1d11867edd6005399d4a96fb7"}
,"/Users/kylewong/turing/4module/Crate-group/code/web/src/ui/typography/H3.js": {"path":"/Users/kylewong/turing/4module/Crate-group/code/web/src/ui/typography/H3.js","statementMap":{"0":{"start":{"line":9,"column":11},"end":{"line":25,"column":1}},"1":{"start":{"line":10,"column":40},"end":{"line":10,"column":45}},"2":{"start":{"line":12,"column":2},"end":{"line":24,"column":3}},"3":{"start":{"line":28,"column":0},"end":{"line":30,"column":1}},"4":{"start":{"line":31,"column":0},"end":{"line":33,"column":1}}},"fnMap":{"0":{"name":"(anonymous_0)","decl":{"start":{"line":9,"column":11},"end":{"line":9,"column":12}},"loc":{"start":{"line":9,"column":22},"end":{"line":25,"column":1}},"line":9}},"branchMap":{"0":{"loc":{"start":{"line":19,"column":26},"end":{"line":19,"column":66}},"type":"cond-expr","locations":[{"start":{"line":19,"column":47},"end":{"line":19,"column":54}},{"start":{"line":19,"column":57},"end":{"line":19,"column":66}}],"line":19},"1":{"loc":{"start":{"line":19,"column":26},"end":{"line":19,"column":66}},"type":"cond-expr","locations":[{"start":{},"end":{}},{"start":{},"end":{}}],"line":19},"2":{"loc":{"start":{"line":19,"column":26},"end":{"line":19,"column":66}},"type":"cond-expr","locations":[{"start":{"line":19,"column":47},"end":{"line":19,"column":54}},{"start":{"line":19,"column":57},"end":{"line":19,"column":66}}],"line":19}},"s":{"0":1,"1":0,"2":0,"3":1,"4":1},"f":{"0":0},"b":{"0":[0,0],"1":[0,0],"2":[0,0]},"_coverageSchema":"1a1c01bbd47fc00a2c39e90264f33305004495a9","hash":"b8e8df32f2c64687b9c0a061da9bb24cc8427ace"}
,"/Users/kylewong/turing/4module/Crate-group/code/web/src/ui/typography/H4.js": {"path":"/Users/kylewong/turing/4module/Crate-group/code/web/src/ui/typography/H4.js","statementMap":{"0":{"start":{"line":9,"column":11},"end":{"line":25,"column":1}},"1":{"start":{"line":10,"column":40},"end":{"line":10,"column":45}},"2":{"start":{"line":12,"column":2},"end":{"line":24,"column":3}},"3":{"start":{"line":28,"column":0},"end":{"line":30,"column":1}},"4":{"start":{"line":31,"column":0},"end":{"line":33,"column":1}}},"fnMap":{"0":{"name":"(anonymous_0)","decl":{"start":{"line":9,"column":11},"end":{"line":9,"column":12}},"loc":{"start":{"line":9,"column":22},"end":{"line":25,"column":1}},"line":9}},"branchMap":{"0":{"loc":{"start":{"line":19,"column":26},"end":{"line":19,"column":66}},"type":"cond-expr","locations":[{"start":{"line":19,"column":47},"end":{"line":19,"column":54}},{"start":{"line":19,"column":57},"end":{"line":19,"column":66}}],"line":19},"1":{"loc":{"start":{"line":19,"column":26},"end":{"line":19,"column":66}},"type":"cond-expr","locations":[{"start":{},"end":{}},{"start":{},"end":{}}],"line":19},"2":{"loc":{"start":{"line":19,"column":26},"end":{"line":19,"column":66}},"type":"cond-expr","locations":[{"start":{"line":19,"column":47},"end":{"line":19,"column":54}},{"start":{"line":19,"column":57},"end":{"line":19,"column":66}}],"line":19}},"s":{"0":1,"1":0,"2":0,"3":1,"4":1},"f":{"0":0},"b":{"0":[0,0],"1":[0,0],"2":[0,0]},"_coverageSchema":"1a1c01bbd47fc00a2c39e90264f33305004495a9","hash":"6a4ece7cf219cf35b33b5eddf2ce1cc4e904ec90"}
,"/Users/kylewong/turing/4module/Crate-group/code/web/src/ui/typography/H5.js": {"path":"/Users/kylewong/turing/4module/Crate-group/code/web/src/ui/typography/H5.js","statementMap":{"0":{"start":{"line":9,"column":11},"end":{"line":25,"column":1}},"1":{"start":{"line":10,"column":40},"end":{"line":10,"column":45}},"2":{"start":{"line":12,"column":2},"end":{"line":24,"column":3}},"3":{"start":{"line":28,"column":0},"end":{"line":30,"column":1}},"4":{"start":{"line":31,"column":0},"end":{"line":33,"column":1}}},"fnMap":{"0":{"name":"(anonymous_0)","decl":{"start":{"line":9,"column":11},"end":{"line":9,"column":12}},"loc":{"start":{"line":9,"column":22},"end":{"line":25,"column":1}},"line":9}},"branchMap":{"0":{"loc":{"start":{"line":19,"column":26},"end":{"line":19,"column":66}},"type":"cond-expr","locations":[{"start":{"line":19,"column":47},"end":{"line":19,"column":54}},{"start":{"line":19,"column":57},"end":{"line":19,"column":66}}],"line":19},"1":{"loc":{"start":{"line":19,"column":26},"end":{"line":19,"column":66}},"type":"cond-expr","locations":[{"start":{},"end":{}},{"start":{},"end":{}}],"line":19},"2":{"loc":{"start":{"line":19,"column":26},"end":{"line":19,"column":66}},"type":"cond-expr","locations":[{"start":{"line":19,"column":47},"end":{"line":19,"column":54}},{"start":{"line":19,"column":57},"end":{"line":19,"column":66}}],"line":19}},"s":{"0":1,"1":0,"2":0,"3":1,"4":1},"f":{"0":0},"b":{"0":[0,0],"1":[0,0],"2":[0,0]},"_coverageSchema":"1a1c01bbd47fc00a2c39e90264f33305004495a9","hash":"ce7e5b22d4a7f4906b2af414bb0fa19e8a987f6e"}
,"/Users/kylewong/turing/4module/Crate-group/code/web/src/ui/typography/H6.js": {"path":"/Users/kylewong/turing/4module/Crate-group/code/web/src/ui/typography/H6.js","statementMap":{"0":{"start":{"line":9,"column":11},"end":{"line":25,"column":1}},"1":{"start":{"line":10,"column":40},"end":{"line":10,"column":45}},"2":{"start":{"line":12,"column":2},"end":{"line":24,"column":3}},"3":{"start":{"line":28,"column":0},"end":{"line":30,"column":1}},"4":{"start":{"line":31,"column":0},"end":{"line":33,"column":1}}},"fnMap":{"0":{"name":"(anonymous_0)","decl":{"start":{"line":9,"column":11},"end":{"line":9,"column":12}},"loc":{"start":{"line":9,"column":22},"end":{"line":25,"column":1}},"line":9}},"branchMap":{"0":{"loc":{"start":{"line":19,"column":26},"end":{"line":19,"column":66}},"type":"cond-expr","locations":[{"start":{"line":19,"column":47},"end":{"line":19,"column":54}},{"start":{"line":19,"column":57},"end":{"line":19,"column":66}}],"line":19},"1":{"loc":{"start":{"line":19,"column":26},"end":{"line":19,"column":66}},"type":"cond-expr","locations":[{"start":{},"end":{}},{"start":{},"end":{}}],"line":19},"2":{"loc":{"start":{"line":19,"column":26},"end":{"line":19,"column":66}},"type":"cond-expr","locations":[{"start":{"line":19,"column":47},"end":{"line":19,"column":54}},{"start":{"line":19,"column":57},"end":{"line":19,"column":66}}],"line":19}},"s":{"0":1,"1":0,"2":0,"3":1,"4":1},"f":{"0":0},"b":{"0":[0,0],"1":[0,0],"2":[0,0]},"_coverageSchema":"1a1c01bbd47fc00a2c39e90264f33305004495a9","hash":"bc855b306bb113a2604acb2086ba366ef884f631"}
,"/Users/kylewong/turing/4module/Crate-group/code/web/src/ui/typography/index.js": {"path":"/Users/kylewong/turing/4module/Crate-group/code/web/src/ui/typography/index.js","statementMap":{},"fnMap":{},"branchMap":{},"s":{},"f":{},"b":{},"_coverageSchema":"1a1c01bbd47fc00a2c39e90264f33305004495a9","hash":"d0b669a00d13950921430883c2f3ddfade1051ec"}
}
